2019-11-05 10:05:56.304 [ main ] - [ INFO  ] [ com.zhihui.zhihuijiazu.ZhihuijiazuApplicationTests : 55 ] - Starting ZhihuijiazuApplicationTests on 8XWCGQRZO5LJZ6D with PID 6296 (started by Administrator in D:\project\zhihuijiazu)
2019-11-05 10:05:56.326 [ main ] - [ INFO  ] [ com.zhihui.zhihuijiazu.ZhihuijiazuApplicationTests : 651 ] - No active profile set, falling back to default profiles: default
2019-11-05 10:06:03.647 [ main ] - [ INFO  ] [ com.zhihui.zhihuijiazu.ZhihuijiazuApplicationTests : 61 ] - Started ZhihuijiazuApplicationTests in 8.74 seconds (JVM running for 14.814)
2019-11-05 10:19:23.049 [ main ] - [ INFO  ] [ com.zhihui.zhihuijiazu.ZhihuijiazuApplicationTests : 55 ] - Starting ZhihuijiazuApplicationTests on 8XWCGQRZO5LJZ6D with PID 1600 (started by Administrator in D:\project\zhihuijiazu)
2019-11-05 10:19:23.064 [ main ] - [ INFO  ] [ com.zhihui.zhihuijiazu.ZhihuijiazuApplicationTests : 651 ] - No active profile set, falling back to default profiles: default
2019-11-05 10:19:39.510 [ main ] - [ INFO  ] [ com.zhihui.zhihuijiazu.ZhihuijiazuApplicationTests : 61 ] - Started ZhihuijiazuApplicationTests in 18.2 seconds (JVM running for 27.08)
2019-11-05 10:35:35.785 [ main ] - [ INFO  ] [ com.zhihui.zhihuijiazu.ZhihuijiazuApplicationTests : 55 ] - Starting ZhihuijiazuApplicationTests on 8XWCGQRZO5LJZ6D with PID 3748 (started by Administrator in D:\project\zhihuijiazu)
2019-11-05 10:35:35.791 [ main ] - [ INFO  ] [ com.zhihui.zhihuijiazu.ZhihuijiazuApplicationTests : 651 ] - No active profile set, falling back to default profiles: default
2019-11-05 10:35:42.045 [ main ] - [ INFO  ] [ com.zhihui.zhihuijiazu.ZhihuijiazuApplicationTests : 61 ] - Started ZhihuijiazuApplicationTests in 7.156 seconds (JVM running for 11.544)
2019-11-05 10:39:31.079 [ restartedMain ] - [ INFO  ] [ com.zhihui.zhihuijiazu.ZhihuijiazuApplication : 55 ] - Starting ZhihuijiazuApplication on 8XWCGQRZO5LJZ6D with PID 13084 (D:\project\zhihuijiazu\target\classes started by Administrator in D:\project\zhihuijiazu)
2019-11-05 10:39:31.149 [ restartedMain ] - [ INFO  ] [ com.zhihui.zhihuijiazu.ZhihuijiazuApplication : 651 ] - No active profile set, falling back to default profiles: default
2019-11-05 10:39:35.555 [ restartedMain ] - [ INFO  ] [ org.apache.coyote.http11.Http11NioProtocol : 173 ] - Initializing ProtocolHandler ["http-nio-8080"]
2019-11-05 10:39:35.556 [ restartedMain ] - [ INFO  ] [ org.apache.catalina.core.StandardService : 173 ] - Starting service [Tomcat]
2019-11-05 10:39:35.557 [ restartedMain ] - [ INFO  ] [ org.apache.catalina.core.StandardEngine : 173 ] - Starting Servlet engine: [Apache Tomcat/9.0.27]
2019-11-05 10:39:35.923 [ restartedMain ] - [ INFO  ] [ o.a.c.core.ContainerBase.[Tomcat].[localhost].[/] : 173 ] - Initializing Spring embedded WebApplicationContext
2019-11-05 10:39:37.950 [ restartedMain ] - [ INFO  ] [ org.apache.coyote.http11.Http11NioProtocol : 173 ] - Starting ProtocolHandler ["http-nio-8080"]
2019-11-05 10:39:38.005 [ restartedMain ] - [ INFO  ] [ com.zhihui.zhihuijiazu.ZhihuijiazuApplication : 61 ] - Started ZhihuijiazuApplication in 8.432 seconds (JVM running for 12.355)
2019-11-05 10:39:52.961 [ http-nio-8080-exec-1 ] - [ INFO  ] [ org.apache.tomcat.util.http.parser.Cookie : 173 ] - A cookie header was received [1566185666,1566442250,1567396762] that contained an invalid cookie. That cookie will be ignored.
 Note: further occurrences of this error will be logged at DEBUG level.
2019-11-05 10:39:52.993 [ http-nio-8080-exec-1 ] - [ INFO  ] [ o.a.c.core.ContainerBase.[Tomcat].[localhost].[/] : 173 ] - Initializing Spring DispatcherServlet 'dispatcherServlet'
2019-11-05 14:52:01.018 [ restartedMain ] - [ INFO  ] [ com.zhihui.zhihuijiazu.ZhihuijiazuApplication : 55 ] - Starting ZhihuijiazuApplication on 8XWCGQRZO5LJZ6D with PID 9728 (D:\project\zhihuijiazu\target\classes started by Administrator in D:\project\zhihuijiazu)
2019-11-05 14:52:01.026 [ restartedMain ] - [ INFO  ] [ com.zhihui.zhihuijiazu.ZhihuijiazuApplication : 651 ] - No active profile set, falling back to default profiles: default
2019-11-05 14:52:03.717 [ restartedMain ] - [ INFO  ] [ org.apache.coyote.http11.Http11NioProtocol : 173 ] - Initializing ProtocolHandler ["http-nio-8080"]
2019-11-05 14:52:03.720 [ restartedMain ] - [ INFO  ] [ org.apache.catalina.core.StandardService : 173 ] - Starting service [Tomcat]
2019-11-05 14:52:03.721 [ restartedMain ] - [ INFO  ] [ org.apache.catalina.core.StandardEngine : 173 ] - Starting Servlet engine: [Apache Tomcat/9.0.27]
2019-11-05 14:52:04.240 [ restartedMain ] - [ INFO  ] [ o.a.c.core.ContainerBase.[Tomcat].[localhost].[/] : 173 ] - Initializing Spring embedded WebApplicationContext
2019-11-05 14:52:06.538 [ restartedMain ] - [ INFO  ] [ org.apache.coyote.http11.Http11NioProtocol : 173 ] - Starting ProtocolHandler ["http-nio-8080"]
2019-11-05 14:52:06.654 [ restartedMain ] - [ INFO  ] [ com.zhihui.zhihuijiazu.ZhihuijiazuApplication : 61 ] - Started ZhihuijiazuApplication in 6.59 seconds (JVM running for 8.607)
2019-11-05 14:52:52.889 [ http-nio-8080-exec-1 ] - [ INFO  ] [ org.apache.tomcat.util.http.parser.Cookie : 173 ] - A cookie header was received [1566185666,1566442250,1567396762; JSESSIONID=ed367595-bd65-4a0b-b66d-b9c3d7b4b9e2] that contained an invalid cookie. That cookie will be ignored.
 Note: further occurrences of this error will be logged at DEBUG level.
2019-11-05 14:52:52.924 [ http-nio-8080-exec-1 ] - [ INFO  ] [ o.a.c.core.ContainerBase.[Tomcat].[localhost].[/] : 173 ] - Initializing Spring DispatcherServlet 'dispatcherServlet'
2019-11-05 14:54:23.731 [ restartedMain ] - [ INFO  ] [ com.zhihui.zhihuijiazu.ZhihuijiazuApplication : 55 ] - Starting ZhihuijiazuApplication on 8XWCGQRZO5LJZ6D with PID 9728 (D:\project\zhihuijiazu\target\classes started by Administrator in D:\project\zhihuijiazu)
2019-11-05 14:54:23.732 [ restartedMain ] - [ INFO  ] [ com.zhihui.zhihuijiazu.ZhihuijiazuApplication : 651 ] - No active profile set, falling back to default profiles: default
2019-11-05 14:54:24.922 [ restartedMain ] - [ WARN  ] [ org.apache.tomcat.util.modeler.Registry : 173 ] - The MBean registry cannot be disabled because it has already been initialised
2019-11-05 14:54:25.427 [ restartedMain ] - [ INFO  ] [ org.apache.coyote.http11.Http11NioProtocol : 173 ] - Initializing ProtocolHandler ["http-nio-8080"]
2019-11-05 14:54:25.433 [ restartedMain ] - [ INFO  ] [ org.apache.catalina.core.StandardService : 173 ] - Starting service [Tomcat]
2019-11-05 14:54:25.434 [ restartedMain ] - [ INFO  ] [ org.apache.catalina.core.StandardEngine : 173 ] - Starting Servlet engine: [Apache Tomcat/9.0.27]
2019-11-05 14:54:25.514 [ restartedMain ] - [ INFO  ] [ o.a.c.core.ContainerBase.[Tomcat].[localhost].[/] : 173 ] - Initializing Spring embedded WebApplicationContext
2019-11-05 14:54:26.152 [ restartedMain ] - [ INFO  ] [ org.apache.coyote.http11.Http11NioProtocol : 173 ] - Starting ProtocolHandler ["http-nio-8080"]
2019-11-05 14:54:26.162 [ restartedMain ] - [ INFO  ] [ com.zhihui.zhihuijiazu.ZhihuijiazuApplication : 61 ] - Started ZhihuijiazuApplication in 2.582 seconds (JVM running for 148.115)
2019-11-05 14:55:57.402 [ restartedMain ] - [ INFO  ] [ com.zhihui.zhihuijiazu.ZhihuijiazuApplication : 55 ] - Starting ZhihuijiazuApplication on 8XWCGQRZO5LJZ6D with PID 9728 (D:\project\zhihuijiazu\target\classes started by Administrator in D:\project\zhihuijiazu)
2019-11-05 14:55:57.403 [ restartedMain ] - [ INFO  ] [ com.zhihui.zhihuijiazu.ZhihuijiazuApplication : 651 ] - No active profile set, falling back to default profiles: default
2019-11-05 14:55:58.705 [ restartedMain ] - [ WARN  ] [ org.apache.tomcat.util.modeler.Registry : 173 ] - The MBean registry cannot be disabled because it has already been initialised
2019-11-05 14:55:58.941 [ restartedMain ] - [ INFO  ] [ org.apache.coyote.http11.Http11NioProtocol : 173 ] - Initializing ProtocolHandler ["http-nio-8080"]
2019-11-05 14:55:58.944 [ restartedMain ] - [ INFO  ] [ org.apache.catalina.core.StandardService : 173 ] - Starting service [Tomcat]
2019-11-05 14:55:58.945 [ restartedMain ] - [ INFO  ] [ org.apache.catalina.core.StandardEngine : 173 ] - Starting Servlet engine: [Apache Tomcat/9.0.27]
2019-11-05 14:55:59.522 [ restartedMain ] - [ INFO  ] [ o.a.c.core.ContainerBase.[Tomcat].[localhost].[/] : 173 ] - Initializing Spring embedded WebApplicationContext
2019-11-05 14:56:02.923 [ restartedMain ] - [ INFO  ] [ org.apache.coyote.http11.Http11NioProtocol : 173 ] - Starting ProtocolHandler ["http-nio-8080"]
2019-11-05 14:56:02.930 [ restartedMain ] - [ INFO  ] [ com.zhihui.zhihuijiazu.ZhihuijiazuApplication : 61 ] - Started ZhihuijiazuApplication in 5.675 seconds (JVM running for 244.884)
2019-11-05 14:56:19.575 [ restartedMain ] - [ INFO  ] [ com.zhihui.zhihuijiazu.ZhihuijiazuApplication : 55 ] - Starting ZhihuijiazuApplication on 8XWCGQRZO5LJZ6D with PID 9728 (D:\project\zhihuijiazu\target\classes started by Administrator in D:\project\zhihuijiazu)
2019-11-05 14:56:19.577 [ restartedMain ] - [ INFO  ] [ com.zhihui.zhihuijiazu.ZhihuijiazuApplication : 651 ] - No active profile set, falling back to default profiles: default
2019-11-05 14:56:21.285 [ restartedMain ] - [ WARN  ] [ org.apache.tomcat.util.modeler.Registry : 173 ] - The MBean registry cannot be disabled because it has already been initialised
2019-11-05 14:56:21.645 [ restartedMain ] - [ INFO  ] [ org.apache.coyote.http11.Http11NioProtocol : 173 ] - Initializing ProtocolHandler ["http-nio-8080"]
2019-11-05 14:56:21.646 [ restartedMain ] - [ INFO  ] [ org.apache.catalina.core.StandardService : 173 ] - Starting service [Tomcat]
2019-11-05 14:56:21.647 [ restartedMain ] - [ INFO  ] [ org.apache.catalina.core.StandardEngine : 173 ] - Starting Servlet engine: [Apache Tomcat/9.0.27]
2019-11-05 14:56:21.714 [ restartedMain ] - [ INFO  ] [ o.a.c.core.ContainerBase.[Tomcat].[localhost].[/] : 173 ] - Initializing Spring embedded WebApplicationContext
2019-11-05 14:56:23.138 [ restartedMain ] - [ INFO  ] [ org.apache.coyote.http11.Http11NioProtocol : 173 ] - Starting ProtocolHandler ["http-nio-8080"]
2019-11-05 14:56:23.149 [ restartedMain ] - [ INFO  ] [ com.zhihui.zhihuijiazu.ZhihuijiazuApplication : 61 ] - Started ZhihuijiazuApplication in 3.795 seconds (JVM running for 265.103)
2019-11-05 14:56:47.697 [ restartedMain ] - [ INFO  ] [ com.zhihui.zhihuijiazu.ZhihuijiazuApplication : 55 ] - Starting ZhihuijiazuApplication on 8XWCGQRZO5LJZ6D with PID 9728 (D:\project\zhihuijiazu\target\classes started by Administrator in D:\project\zhihuijiazu)
2019-11-05 14:56:47.698 [ restartedMain ] - [ INFO  ] [ com.zhihui.zhihuijiazu.ZhihuijiazuApplication : 651 ] - No active profile set, falling back to default profiles: default
2019-11-05 14:56:49.190 [ restartedMain ] - [ WARN  ] [ org.apache.tomcat.util.modeler.Registry : 173 ] - The MBean registry cannot be disabled because it has already been initialised
2019-11-05 14:56:49.403 [ restartedMain ] - [ INFO  ] [ org.apache.coyote.http11.Http11NioProtocol : 173 ] - Initializing ProtocolHandler ["http-nio-8080"]
2019-11-05 14:56:49.406 [ restartedMain ] - [ INFO  ] [ org.apache.catalina.core.StandardService : 173 ] - Starting service [Tomcat]
2019-11-05 14:56:49.406 [ restartedMain ] - [ INFO  ] [ org.apache.catalina.core.StandardEngine : 173 ] - Starting Servlet engine: [Apache Tomcat/9.0.27]
2019-11-05 14:56:49.509 [ restartedMain ] - [ INFO  ] [ o.a.c.core.ContainerBase.[Tomcat].[localhost].[/] : 173 ] - Initializing Spring embedded WebApplicationContext
2019-11-05 14:56:49.553 [ restartedMain ] - [ INFO  ] [ org.apache.catalina.core.StandardService : 173 ] - Stopping service [Tomcat]
2019-11-05 14:57:02.854 [ restartedMain ] - [ INFO  ] [ com.zhihui.zhihuijiazu.ZhihuijiazuApplication : 55 ] - Starting ZhihuijiazuApplication on 8XWCGQRZO5LJZ6D with PID 9728 (D:\project\zhihuijiazu\target\classes started by Administrator in D:\project\zhihuijiazu)
2019-11-05 14:57:02.854 [ restartedMain ] - [ INFO  ] [ com.zhihui.zhihuijiazu.ZhihuijiazuApplication : 651 ] - No active profile set, falling back to default profiles: default
2019-11-05 14:57:04.595 [ restartedMain ] - [ WARN  ] [ org.apache.tomcat.util.modeler.Registry : 173 ] - The MBean registry cannot be disabled because it has already been initialised
2019-11-05 14:57:04.999 [ restartedMain ] - [ INFO  ] [ org.apache.coyote.http11.Http11NioProtocol : 173 ] - Initializing ProtocolHandler ["http-nio-8080"]
2019-11-05 14:57:05.000 [ restartedMain ] - [ INFO  ] [ org.apache.catalina.core.StandardService : 173 ] - Starting service [Tomcat]
2019-11-05 14:57:05.001 [ restartedMain ] - [ INFO  ] [ org.apache.catalina.core.StandardEngine : 173 ] - Starting Servlet engine: [Apache Tomcat/9.0.27]
2019-11-05 14:57:05.131 [ restartedMain ] - [ INFO  ] [ o.a.c.c.ContainerBase.[Tomcat-1].[localhost].[/] : 173 ] - Initializing Spring embedded WebApplicationContext
2019-11-05 14:57:05.215 [ restartedMain ] - [ INFO  ] [ org.apache.catalina.core.StandardService : 173 ] - Stopping service [Tomcat]
2019-11-05 14:57:19.707 [ restartedMain ] - [ INFO  ] [ com.zhihui.zhihuijiazu.ZhihuijiazuApplication : 55 ] - Starting ZhihuijiazuApplication on 8XWCGQRZO5LJZ6D with PID 9728 (D:\project\zhihuijiazu\target\classes started by Administrator in D:\project\zhihuijiazu)
2019-11-05 14:57:19.709 [ restartedMain ] - [ INFO  ] [ com.zhihui.zhihuijiazu.ZhihuijiazuApplication : 651 ] - No active profile set, falling back to default profiles: default
2019-11-05 14:57:21.506 [ restartedMain ] - [ WARN  ] [ org.apache.tomcat.util.modeler.Registry : 173 ] - The MBean registry cannot be disabled because it has already been initialised
2019-11-05 14:57:21.859 [ restartedMain ] - [ INFO  ] [ org.apache.coyote.http11.Http11NioProtocol : 173 ] - Initializing ProtocolHandler ["http-nio-8080"]
2019-11-05 14:57:21.861 [ restartedMain ] - [ INFO  ] [ org.apache.catalina.core.StandardService : 173 ] - Starting service [Tomcat]
2019-11-05 14:57:21.862 [ restartedMain ] - [ INFO  ] [ org.apache.catalina.core.StandardEngine : 173 ] - Starting Servlet engine: [Apache Tomcat/9.0.27]
2019-11-05 14:57:21.936 [ restartedMain ] - [ INFO  ] [ o.a.c.c.ContainerBase.[Tomcat-2].[localhost].[/] : 173 ] - Initializing Spring embedded WebApplicationContext
2019-11-05 14:57:21.992 [ restartedMain ] - [ INFO  ] [ org.apache.catalina.core.StandardService : 173 ] - Stopping service [Tomcat]
2019-11-05 15:05:17.177 [ restartedMain ] - [ INFO  ] [ com.zhihui.zhihuijiazu.ZhihuijiazuApplication : 55 ] - Starting ZhihuijiazuApplication on 8XWCGQRZO5LJZ6D with PID 9728 (D:\project\zhihuijiazu\target\classes started by Administrator in D:\project\zhihuijiazu)
2019-11-05 15:05:17.178 [ restartedMain ] - [ INFO  ] [ com.zhihui.zhihuijiazu.ZhihuijiazuApplication : 651 ] - No active profile set, falling back to default profiles: default
2019-11-05 15:05:19.351 [ restartedMain ] - [ WARN  ] [ org.apache.tomcat.util.modeler.Registry : 173 ] - The MBean registry cannot be disabled because it has already been initialised
2019-11-05 15:05:19.653 [ restartedMain ] - [ INFO  ] [ org.apache.coyote.http11.Http11NioProtocol : 173 ] - Initializing ProtocolHandler ["http-nio-8080"]
2019-11-05 15:05:19.660 [ restartedMain ] - [ INFO  ] [ org.apache.catalina.core.StandardService : 173 ] - Starting service [Tomcat]
2019-11-05 15:05:19.661 [ restartedMain ] - [ INFO  ] [ org.apache.catalina.core.StandardEngine : 173 ] - Starting Servlet engine: [Apache Tomcat/9.0.27]
2019-11-05 15:05:19.750 [ restartedMain ] - [ INFO  ] [ o.a.c.c.ContainerBase.[Tomcat-3].[localhost].[/] : 173 ] - Initializing Spring embedded WebApplicationContext
2019-11-05 15:05:19.807 [ restartedMain ] - [ INFO  ] [ org.apache.catalina.core.StandardService : 173 ] - Stopping service [Tomcat]
2019-11-05 15:06:06.487 [ restartedMain ] - [ INFO  ] [ com.zhihui.zhihuijiazu.ZhihuijiazuApplication : 55 ] - Starting ZhihuijiazuApplication on 8XWCGQRZO5LJZ6D with PID 9728 (D:\project\zhihuijiazu\target\classes started by Administrator in D:\project\zhihuijiazu)
2019-11-05 15:06:06.488 [ restartedMain ] - [ INFO  ] [ com.zhihui.zhihuijiazu.ZhihuijiazuApplication : 651 ] - No active profile set, falling back to default profiles: default
2019-11-05 15:06:07.928 [ restartedMain ] - [ WARN  ] [ org.apache.tomcat.util.modeler.Registry : 173 ] - The MBean registry cannot be disabled because it has already been initialised
2019-11-05 15:06:08.760 [ restartedMain ] - [ INFO  ] [ org.apache.coyote.http11.Http11NioProtocol : 173 ] - Initializing ProtocolHandler ["http-nio-8080"]
2019-11-05 15:06:08.761 [ restartedMain ] - [ INFO  ] [ org.apache.catalina.core.StandardService : 173 ] - Starting service [Tomcat]
2019-11-05 15:06:08.762 [ restartedMain ] - [ INFO  ] [ org.apache.catalina.core.StandardEngine : 173 ] - Starting Servlet engine: [Apache Tomcat/9.0.27]
2019-11-05 15:06:08.898 [ restartedMain ] - [ INFO  ] [ o.a.c.c.ContainerBase.[Tomcat-4].[localhost].[/] : 173 ] - Initializing Spring embedded WebApplicationContext
2019-11-05 15:06:08.994 [ restartedMain ] - [ INFO  ] [ org.apache.catalina.core.StandardService : 173 ] - Stopping service [Tomcat]
2019-11-05 15:06:26.000 [ restartedMain ] - [ INFO  ] [ com.zhihui.zhihuijiazu.ZhihuijiazuApplication : 55 ] - Starting ZhihuijiazuApplication on 8XWCGQRZO5LJZ6D with PID 9728 (D:\project\zhihuijiazu\target\classes started by Administrator in D:\project\zhihuijiazu)
2019-11-05 15:06:26.001 [ restartedMain ] - [ INFO  ] [ com.zhihui.zhihuijiazu.ZhihuijiazuApplication : 651 ] - No active profile set, falling back to default profiles: default
2019-11-05 15:06:27.137 [ restartedMain ] - [ WARN  ] [ org.apache.tomcat.util.modeler.Registry : 173 ] - The MBean registry cannot be disabled because it has already been initialised
2019-11-05 15:06:27.651 [ restartedMain ] - [ INFO  ] [ org.apache.coyote.http11.Http11NioProtocol : 173 ] - Initializing ProtocolHandler ["http-nio-8080"]
2019-11-05 15:06:27.652 [ restartedMain ] - [ INFO  ] [ org.apache.catalina.core.StandardService : 173 ] - Starting service [Tomcat]
2019-11-05 15:06:27.653 [ restartedMain ] - [ INFO  ] [ org.apache.catalina.core.StandardEngine : 173 ] - Starting Servlet engine: [Apache Tomcat/9.0.27]
2019-11-05 15:06:27.823 [ restartedMain ] - [ INFO  ] [ o.a.c.c.ContainerBase.[Tomcat-5].[localhost].[/] : 173 ] - Initializing Spring embedded WebApplicationContext
2019-11-05 15:06:27.901 [ restartedMain ] - [ INFO  ] [ org.apache.catalina.core.StandardService : 173 ] - Stopping service [Tomcat]
2019-11-05 15:09:17.173 [ restartedMain ] - [ INFO  ] [ com.zhihui.zhihuijiazu.ZhihuijiazuApplication : 55 ] - Starting ZhihuijiazuApplication on 8XWCGQRZO5LJZ6D with PID 6200 (D:\project\zhihuijiazu\target\classes started by Administrator in D:\project\zhihuijiazu)
2019-11-05 15:09:17.181 [ restartedMain ] - [ INFO  ] [ com.zhihui.zhihuijiazu.ZhihuijiazuApplication : 651 ] - No active profile set, falling back to default profiles: default
2019-11-05 15:09:20.240 [ restartedMain ] - [ INFO  ] [ org.apache.coyote.http11.Http11NioProtocol : 173 ] - Initializing ProtocolHandler ["http-nio-8080"]
2019-11-05 15:09:20.241 [ restartedMain ] - [ INFO  ] [ org.apache.catalina.core.StandardService : 173 ] - Starting service [Tomcat]
2019-11-05 15:09:20.242 [ restartedMain ] - [ INFO  ] [ org.apache.catalina.core.StandardEngine : 173 ] - Starting Servlet engine: [Apache Tomcat/9.0.27]
2019-11-05 15:09:20.453 [ restartedMain ] - [ INFO  ] [ o.a.c.core.ContainerBase.[Tomcat].[localhost].[/] : 173 ] - Initializing Spring embedded WebApplicationContext
2019-11-05 15:09:21.946 [ restartedMain ] - [ INFO  ] [ org.apache.coyote.http11.Http11NioProtocol : 173 ] - Starting ProtocolHandler ["http-nio-8080"]
2019-11-05 15:09:21.986 [ restartedMain ] - [ INFO  ] [ com.zhihui.zhihuijiazu.ZhihuijiazuApplication : 61 ] - Started ZhihuijiazuApplication in 6.08 seconds (JVM running for 8.374)
2019-11-05 15:11:26.853 [ http-nio-8080-exec-1 ] - [ INFO  ] [ o.a.c.core.ContainerBase.[Tomcat].[localhost].[/] : 173 ] - Initializing Spring DispatcherServlet 'dispatcherServlet'
2019-11-05 15:11:27.153 [ http-nio-8080-exec-1 ] - [ ERROR ] [ c.zhihui.zhihuijiazu.Service.impl.UserServiceImpl : 782 ] - 获取文件接口错误
2019-11-05 15:12:57.721 [ restartedMain ] - [ INFO  ] [ com.zhihui.zhihuijiazu.ZhihuijiazuApplication : 55 ] - Starting ZhihuijiazuApplication on 8XWCGQRZO5LJZ6D with PID 6200 (D:\project\zhihuijiazu\target\classes started by Administrator in D:\project\zhihuijiazu)
2019-11-05 15:12:57.723 [ restartedMain ] - [ INFO  ] [ com.zhihui.zhihuijiazu.ZhihuijiazuApplication : 651 ] - No active profile set, falling back to default profiles: default
2019-11-05 15:12:58.476 [ restartedMain ] - [ WARN  ] [ org.apache.tomcat.util.modeler.Registry : 173 ] - The MBean registry cannot be disabled because it has already been initialised
2019-11-05 15:12:58.650 [ restartedMain ] - [ INFO  ] [ org.apache.coyote.http11.Http11NioProtocol : 173 ] - Initializing ProtocolHandler ["http-nio-8080"]
2019-11-05 15:12:58.652 [ restartedMain ] - [ INFO  ] [ org.apache.catalina.core.StandardService : 173 ] - Starting service [Tomcat]
2019-11-05 15:12:58.653 [ restartedMain ] - [ INFO  ] [ org.apache.catalina.core.StandardEngine : 173 ] - Starting Servlet engine: [Apache Tomcat/9.0.27]
2019-11-05 15:12:58.786 [ restartedMain ] - [ INFO  ] [ o.a.c.core.ContainerBase.[Tomcat].[localhost].[/] : 173 ] - Initializing Spring embedded WebApplicationContext
2019-11-05 15:12:59.137 [ restartedMain ] - [ INFO  ] [ org.apache.catalina.core.StandardService : 173 ] - Stopping service [Tomcat]
2019-11-05 15:13:02.479 [ restartedMain ] - [ INFO  ] [ com.zhihui.zhihuijiazu.ZhihuijiazuApplication : 55 ] - Starting ZhihuijiazuApplication on 8XWCGQRZO5LJZ6D with PID 6200 (D:\project\zhihuijiazu\target\classes started by Administrator in D:\project\zhihuijiazu)
2019-11-05 15:13:02.480 [ restartedMain ] - [ INFO  ] [ com.zhihui.zhihuijiazu.ZhihuijiazuApplication : 651 ] - No active profile set, falling back to default profiles: default
2019-11-05 15:13:03.212 [ restartedMain ] - [ WARN  ] [ org.apache.tomcat.util.modeler.Registry : 173 ] - The MBean registry cannot be disabled because it has already been initialised
2019-11-05 15:13:03.377 [ restartedMain ] - [ INFO  ] [ org.apache.coyote.http11.Http11NioProtocol : 173 ] - Initializing ProtocolHandler ["http-nio-8080"]
2019-11-05 15:13:03.378 [ restartedMain ] - [ INFO  ] [ org.apache.catalina.core.StandardService : 173 ] - Starting service [Tomcat]
2019-11-05 15:13:03.379 [ restartedMain ] - [ INFO  ] [ org.apache.catalina.core.StandardEngine : 173 ] - Starting Servlet engine: [Apache Tomcat/9.0.27]
2019-11-05 15:13:03.446 [ restartedMain ] - [ INFO  ] [ o.a.c.c.ContainerBase.[Tomcat-1].[localhost].[/] : 173 ] - Initializing Spring embedded WebApplicationContext
2019-11-05 15:13:04.131 [ restartedMain ] - [ INFO  ] [ org.apache.coyote.http11.Http11NioProtocol : 173 ] - Starting ProtocolHandler ["http-nio-8080"]
2019-11-05 15:13:04.159 [ restartedMain ] - [ INFO  ] [ com.zhihui.zhihuijiazu.ZhihuijiazuApplication : 61 ] - Started ZhihuijiazuApplication in 1.788 seconds (JVM running for 230.547)
2019-11-05 15:16:59.721 [ restartedMain ] - [ INFO  ] [ com.zhihui.zhihuijiazu.ZhihuijiazuApplication : 55 ] - Starting ZhihuijiazuApplication on 8XWCGQRZO5LJZ6D with PID 6200 (D:\project\zhihuijiazu\target\classes started by Administrator in D:\project\zhihuijiazu)
2019-11-05 15:16:59.722 [ restartedMain ] - [ INFO  ] [ com.zhihui.zhihuijiazu.ZhihuijiazuApplication : 651 ] - No active profile set, falling back to default profiles: default
2019-11-05 15:17:00.562 [ restartedMain ] - [ WARN  ] [ org.apache.tomcat.util.modeler.Registry : 173 ] - The MBean registry cannot be disabled because it has already been initialised
2019-11-05 15:17:00.840 [ restartedMain ] - [ INFO  ] [ org.apache.coyote.http11.Http11NioProtocol : 173 ] - Initializing ProtocolHandler ["http-nio-8080"]
2019-11-05 15:17:00.841 [ restartedMain ] - [ INFO  ] [ org.apache.catalina.core.StandardService : 173 ] - Starting service [Tomcat]
2019-11-05 15:17:00.843 [ restartedMain ] - [ INFO  ] [ org.apache.catalina.core.StandardEngine : 173 ] - Starting Servlet engine: [Apache Tomcat/9.0.27]
2019-11-05 15:17:00.921 [ restartedMain ] - [ INFO  ] [ o.a.c.c.ContainerBase.[Tomcat-1].[localhost].[/] : 173 ] - Initializing Spring embedded WebApplicationContext
2019-11-05 15:17:01.573 [ restartedMain ] - [ INFO  ] [ org.apache.coyote.http11.Http11NioProtocol : 173 ] - Starting ProtocolHandler ["http-nio-8080"]
2019-11-05 15:17:01.582 [ restartedMain ] - [ INFO  ] [ com.zhihui.zhihuijiazu.ZhihuijiazuApplication : 61 ] - Started ZhihuijiazuApplication in 1.964 seconds (JVM running for 467.971)
2019-11-05 15:18:08.429 [ restartedMain ] - [ INFO  ] [ com.zhihui.zhihuijiazu.ZhihuijiazuApplication : 55 ] - Starting ZhihuijiazuApplication on 8XWCGQRZO5LJZ6D with PID 6200 (D:\project\zhihuijiazu\target\classes started by Administrator in D:\project\zhihuijiazu)
2019-11-05 15:18:08.431 [ restartedMain ] - [ INFO  ] [ com.zhihui.zhihuijiazu.ZhihuijiazuApplication : 651 ] - No active profile set, falling back to default profiles: default
2019-11-05 15:18:11.494 [ restartedMain ] - [ WARN  ] [ org.apache.tomcat.util.modeler.Registry : 173 ] - The MBean registry cannot be disabled because it has already been initialised
2019-11-05 15:18:11.827 [ restartedMain ] - [ INFO  ] [ org.apache.coyote.http11.Http11NioProtocol : 173 ] - Initializing ProtocolHandler ["http-nio-8080"]
2019-11-05 15:18:11.833 [ restartedMain ] - [ INFO  ] [ org.apache.catalina.core.StandardService : 173 ] - Starting service [Tomcat]
2019-11-05 15:18:11.835 [ restartedMain ] - [ INFO  ] [ org.apache.catalina.core.StandardEngine : 173 ] - Starting Servlet engine: [Apache Tomcat/9.0.27]
2019-11-05 15:18:13.544 [ restartedMain ] - [ INFO  ] [ o.a.c.c.ContainerBase.[Tomcat-1].[localhost].[/] : 173 ] - Initializing Spring embedded WebApplicationContext
2019-11-05 15:18:14.721 [ restartedMain ] - [ INFO  ] [ org.apache.catalina.core.StandardService : 173 ] - Stopping service [Tomcat]
2019-11-05 15:19:28.166 [ restartedMain ] - [ INFO  ] [ com.zhihui.zhihuijiazu.ZhihuijiazuApplication : 55 ] - Starting ZhihuijiazuApplication on 8XWCGQRZO5LJZ6D with PID 6200 (D:\project\zhihuijiazu\target\classes started by Administrator in D:\project\zhihuijiazu)
2019-11-05 15:19:28.169 [ restartedMain ] - [ INFO  ] [ com.zhihui.zhihuijiazu.ZhihuijiazuApplication : 651 ] - No active profile set, falling back to default profiles: default
2019-11-05 15:19:30.744 [ restartedMain ] - [ WARN  ] [ org.apache.tomcat.util.modeler.Registry : 173 ] - The MBean registry cannot be disabled because it has already been initialised
2019-11-05 15:19:31.352 [ restartedMain ] - [ INFO  ] [ org.apache.coyote.http11.Http11NioProtocol : 173 ] - Initializing ProtocolHandler ["http-nio-8080"]
2019-11-05 15:19:31.355 [ restartedMain ] - [ INFO  ] [ org.apache.catalina.core.StandardService : 173 ] - Starting service [Tomcat]
2019-11-05 15:19:31.355 [ restartedMain ] - [ INFO  ] [ org.apache.catalina.core.StandardEngine : 173 ] - Starting Servlet engine: [Apache Tomcat/9.0.27]
2019-11-05 15:19:31.519 [ restartedMain ] - [ INFO  ] [ o.a.c.c.ContainerBase.[Tomcat-2].[localhost].[/] : 173 ] - Initializing Spring embedded WebApplicationContext
2019-11-05 15:19:31.629 [ restartedMain ] - [ INFO  ] [ org.apache.catalina.core.StandardService : 173 ] - Stopping service [Tomcat]
2019-11-05 15:19:38.028 [ restartedMain ] - [ INFO  ] [ com.zhihui.zhihuijiazu.ZhihuijiazuApplication : 55 ] - Starting ZhihuijiazuApplication on 8XWCGQRZO5LJZ6D with PID 6200 (D:\project\zhihuijiazu\target\classes started by Administrator in D:\project\zhihuijiazu)
2019-11-05 15:19:38.029 [ restartedMain ] - [ INFO  ] [ com.zhihui.zhihuijiazu.ZhihuijiazuApplication : 651 ] - No active profile set, falling back to default profiles: default
2019-11-05 15:19:39.406 [ restartedMain ] - [ WARN  ] [ org.apache.tomcat.util.modeler.Registry : 173 ] - The MBean registry cannot be disabled because it has already been initialised
2019-11-05 15:19:39.687 [ restartedMain ] - [ INFO  ] [ org.apache.coyote.http11.Http11NioProtocol : 173 ] - Initializing ProtocolHandler ["http-nio-8080"]
2019-11-05 15:19:39.689 [ restartedMain ] - [ INFO  ] [ org.apache.catalina.core.StandardService : 173 ] - Starting service [Tomcat]
2019-11-05 15:19:39.690 [ restartedMain ] - [ INFO  ] [ org.apache.catalina.core.StandardEngine : 173 ] - Starting Servlet engine: [Apache Tomcat/9.0.27]
2019-11-05 15:19:39.801 [ restartedMain ] - [ INFO  ] [ o.a.c.c.ContainerBase.[Tomcat-3].[localhost].[/] : 173 ] - Initializing Spring embedded WebApplicationContext
2019-11-05 15:19:41.272 [ restartedMain ] - [ INFO  ] [ org.apache.coyote.http11.Http11NioProtocol : 173 ] - Starting ProtocolHandler ["http-nio-8080"]
2019-11-05 15:19:41.288 [ restartedMain ] - [ INFO  ] [ com.zhihui.zhihuijiazu.ZhihuijiazuApplication : 61 ] - Started ZhihuijiazuApplication in 3.43 seconds (JVM running for 627.676)
2019-11-05 15:22:13.785 [ restartedMain ] - [ INFO  ] [ com.zhihui.zhihuijiazu.ZhihuijiazuApplication : 55 ] - Starting ZhihuijiazuApplication on 8XWCGQRZO5LJZ6D with PID 6200 (D:\project\zhihuijiazu\target\classes started by Administrator in D:\project\zhihuijiazu)
2019-11-05 15:22:13.787 [ restartedMain ] - [ INFO  ] [ com.zhihui.zhihuijiazu.ZhihuijiazuApplication : 651 ] - No active profile set, falling back to default profiles: default
2019-11-05 15:22:14.987 [ restartedMain ] - [ WARN  ] [ org.apache.tomcat.util.modeler.Registry : 173 ] - The MBean registry cannot be disabled because it has already been initialised
2019-11-05 15:22:15.262 [ restartedMain ] - [ INFO  ] [ org.apache.coyote.http11.Http11NioProtocol : 173 ] - Initializing ProtocolHandler ["http-nio-8080"]
2019-11-05 15:22:15.263 [ restartedMain ] - [ INFO  ] [ org.apache.catalina.core.StandardService : 173 ] - Starting service [Tomcat]
2019-11-05 15:22:15.264 [ restartedMain ] - [ INFO  ] [ org.apache.catalina.core.StandardEngine : 173 ] - Starting Servlet engine: [Apache Tomcat/9.0.27]
2019-11-05 15:22:15.460 [ restartedMain ] - [ INFO  ] [ o.a.c.c.ContainerBase.[Tomcat-3].[localhost].[/] : 173 ] - Initializing Spring embedded WebApplicationContext
2019-11-05 15:22:15.504 [ restartedMain ] - [ INFO  ] [ org.apache.catalina.core.StandardService : 173 ] - Stopping service [Tomcat]
2019-11-05 15:22:38.210 [ restartedMain ] - [ INFO  ] [ com.zhihui.zhihuijiazu.ZhihuijiazuApplication : 55 ] - Starting ZhihuijiazuApplication on 8XWCGQRZO5LJZ6D with PID 6200 (D:\project\zhihuijiazu\target\classes started by Administrator in D:\project\zhihuijiazu)
2019-11-05 15:22:38.211 [ restartedMain ] - [ INFO  ] [ com.zhihui.zhihuijiazu.ZhihuijiazuApplication : 651 ] - No active profile set, falling back to default profiles: default
2019-11-05 15:22:39.738 [ restartedMain ] - [ WARN  ] [ org.apache.tomcat.util.modeler.Registry : 173 ] - The MBean registry cannot be disabled because it has already been initialised
2019-11-05 15:22:40.452 [ restartedMain ] - [ INFO  ] [ org.apache.coyote.http11.Http11NioProtocol : 173 ] - Initializing ProtocolHandler ["http-nio-8080"]
2019-11-05 15:22:40.456 [ restartedMain ] - [ INFO  ] [ org.apache.catalina.core.StandardService : 173 ] - Starting service [Tomcat]
2019-11-05 15:22:40.460 [ restartedMain ] - [ INFO  ] [ org.apache.catalina.core.StandardEngine : 173 ] - Starting Servlet engine: [Apache Tomcat/9.0.27]
2019-11-05 15:22:40.681 [ restartedMain ] - [ INFO  ] [ o.a.c.c.ContainerBase.[Tomcat-4].[localhost].[/] : 173 ] - Initializing Spring embedded WebApplicationContext
2019-11-05 15:22:40.762 [ restartedMain ] - [ INFO  ] [ org.apache.catalina.core.StandardService : 173 ] - Stopping service [Tomcat]
2019-11-05 15:24:21.911 [ restartedMain ] - [ INFO  ] [ com.zhihui.zhihuijiazu.ZhihuijiazuApplication : 55 ] - Starting ZhihuijiazuApplication on 8XWCGQRZO5LJZ6D with PID 6200 (D:\project\zhihuijiazu\target\classes started by Administrator in D:\project\zhihuijiazu)
2019-11-05 15:24:21.912 [ restartedMain ] - [ INFO  ] [ com.zhihui.zhihuijiazu.ZhihuijiazuApplication : 651 ] - No active profile set, falling back to default profiles: default
2019-11-05 15:24:25.711 [ restartedMain ] - [ WARN  ] [ org.apache.tomcat.util.modeler.Registry : 173 ] - The MBean registry cannot be disabled because it has already been initialised
2019-11-05 15:24:26.230 [ restartedMain ] - [ INFO  ] [ org.apache.coyote.http11.Http11NioProtocol : 173 ] - Initializing ProtocolHandler ["http-nio-8080"]
2019-11-05 15:24:26.233 [ restartedMain ] - [ INFO  ] [ org.apache.catalina.core.StandardService : 173 ] - Starting service [Tomcat]
2019-11-05 15:24:26.234 [ restartedMain ] - [ INFO  ] [ org.apache.catalina.core.StandardEngine : 173 ] - Starting Servlet engine: [Apache Tomcat/9.0.27]
2019-11-05 15:24:26.428 [ restartedMain ] - [ INFO  ] [ o.a.c.c.ContainerBase.[Tomcat-5].[localhost].[/] : 173 ] - Initializing Spring embedded WebApplicationContext
2019-11-05 15:24:26.494 [ restartedMain ] - [ INFO  ] [ org.apache.catalina.core.StandardService : 173 ] - Stopping service [Tomcat]
2019-11-05 15:25:03.686 [ restartedMain ] - [ INFO  ] [ com.zhihui.zhihuijiazu.ZhihuijiazuApplication : 55 ] - Starting ZhihuijiazuApplication on 8XWCGQRZO5LJZ6D with PID 6200 (D:\project\zhihuijiazu\target\classes started by Administrator in D:\project\zhihuijiazu)
2019-11-05 15:25:03.688 [ restartedMain ] - [ INFO  ] [ com.zhihui.zhihuijiazu.ZhihuijiazuApplication : 651 ] - No active profile set, falling back to default profiles: default
2019-11-05 15:25:10.552 [ restartedMain ] - [ WARN  ] [ org.apache.tomcat.util.modeler.Registry : 173 ] - The MBean registry cannot be disabled because it has already been initialised
2019-11-05 15:25:11.157 [ restartedMain ] - [ INFO  ] [ org.apache.coyote.http11.Http11NioProtocol : 173 ] - Initializing ProtocolHandler ["http-nio-8080"]
2019-11-05 15:25:11.159 [ restartedMain ] - [ INFO  ] [ org.apache.catalina.core.StandardService : 173 ] - Starting service [Tomcat]
2019-11-05 15:25:11.160 [ restartedMain ] - [ INFO  ] [ org.apache.catalina.core.StandardEngine : 173 ] - Starting Servlet engine: [Apache Tomcat/9.0.27]
2019-11-05 15:25:11.429 [ restartedMain ] - [ INFO  ] [ o.a.c.c.ContainerBase.[Tomcat-6].[localhost].[/] : 173 ] - Initializing Spring embedded WebApplicationContext
2019-11-05 15:25:11.563 [ restartedMain ] - [ INFO  ] [ org.apache.catalina.core.StandardService : 173 ] - Stopping service [Tomcat]
2019-11-05 15:28:55.404 [ restartedMain ] - [ INFO  ] [ com.zhihui.zhihuijiazu.ZhihuijiazuApplication : 55 ] - Starting ZhihuijiazuApplication on 8XWCGQRZO5LJZ6D with PID 6200 (D:\project\zhihuijiazu\target\classes started by Administrator in D:\project\zhihuijiazu)
2019-11-05 15:28:55.405 [ restartedMain ] - [ INFO  ] [ com.zhihui.zhihuijiazu.ZhihuijiazuApplication : 651 ] - No active profile set, falling back to default profiles: default
2019-11-05 15:28:56.749 [ restartedMain ] - [ WARN  ] [ org.apache.tomcat.util.modeler.Registry : 173 ] - The MBean registry cannot be disabled because it has already been initialised
2019-11-05 15:28:57.324 [ restartedMain ] - [ INFO  ] [ org.apache.coyote.http11.Http11NioProtocol : 173 ] - Initializing ProtocolHandler ["http-nio-8080"]
2019-11-05 15:28:57.325 [ restartedMain ] - [ INFO  ] [ org.apache.catalina.core.StandardService : 173 ] - Starting service [Tomcat]
2019-11-05 15:28:57.326 [ restartedMain ] - [ INFO  ] [ org.apache.catalina.core.StandardEngine : 173 ] - Starting Servlet engine: [Apache Tomcat/9.0.27]
2019-11-05 15:28:57.500 [ restartedMain ] - [ INFO  ] [ o.a.c.c.ContainerBase.[Tomcat-7].[localhost].[/] : 173 ] - Initializing Spring embedded WebApplicationContext
2019-11-05 15:28:57.558 [ restartedMain ] - [ INFO  ] [ org.apache.catalina.core.StandardService : 173 ] - Stopping service [Tomcat]
2019-11-05 15:28:59.723 [ restartedMain ] - [ INFO  ] [ com.zhihui.zhihuijiazu.ZhihuijiazuApplication : 55 ] - Starting ZhihuijiazuApplication on 8XWCGQRZO5LJZ6D with PID 6200 (D:\project\zhihuijiazu\target\classes started by Administrator in D:\project\zhihuijiazu)
2019-11-05 15:28:59.724 [ restartedMain ] - [ INFO  ] [ com.zhihui.zhihuijiazu.ZhihuijiazuApplication : 651 ] - No active profile set, falling back to default profiles: default
2019-11-05 15:29:00.397 [ restartedMain ] - [ WARN  ] [ org.apache.tomcat.util.modeler.Registry : 173 ] - The MBean registry cannot be disabled because it has already been initialised
2019-11-05 15:29:00.623 [ restartedMain ] - [ INFO  ] [ org.apache.coyote.http11.Http11NioProtocol : 173 ] - Initializing ProtocolHandler ["http-nio-8080"]
2019-11-05 15:29:00.624 [ restartedMain ] - [ INFO  ] [ org.apache.catalina.core.StandardService : 173 ] - Starting service [Tomcat]
2019-11-05 15:29:00.624 [ restartedMain ] - [ INFO  ] [ org.apache.catalina.core.StandardEngine : 173 ] - Starting Servlet engine: [Apache Tomcat/9.0.27]
2019-11-05 15:29:00.696 [ restartedMain ] - [ INFO  ] [ o.a.c.c.ContainerBase.[Tomcat-8].[localhost].[/] : 173 ] - Initializing Spring embedded WebApplicationContext
2019-11-05 15:29:01.218 [ restartedMain ] - [ INFO  ] [ org.apache.coyote.http11.Http11NioProtocol : 173 ] - Starting ProtocolHandler ["http-nio-8080"]
2019-11-05 15:29:01.227 [ restartedMain ] - [ INFO  ] [ com.zhihui.zhihuijiazu.ZhihuijiazuApplication : 61 ] - Started ZhihuijiazuApplication in 1.597 seconds (JVM running for 1187.615)
2019-11-05 15:30:50.640 [ restartedMain ] - [ INFO  ] [ com.zhihui.zhihuijiazu.ZhihuijiazuApplication : 55 ] - Starting ZhihuijiazuApplication on 8XWCGQRZO5LJZ6D with PID 6200 (D:\project\zhihuijiazu\target\classes started by Administrator in D:\project\zhihuijiazu)
2019-11-05 15:30:50.643 [ restartedMain ] - [ INFO  ] [ com.zhihui.zhihuijiazu.ZhihuijiazuApplication : 651 ] - No active profile set, falling back to default profiles: default
2019-11-05 15:30:52.035 [ restartedMain ] - [ WARN  ] [ org.apache.tomcat.util.modeler.Registry : 173 ] - The MBean registry cannot be disabled because it has already been initialised
2019-11-05 15:30:52.276 [ restartedMain ] - [ INFO  ] [ org.apache.coyote.http11.Http11NioProtocol : 173 ] - Initializing ProtocolHandler ["http-nio-8080"]
2019-11-05 15:30:52.277 [ restartedMain ] - [ INFO  ] [ org.apache.catalina.core.StandardService : 173 ] - Starting service [Tomcat]
2019-11-05 15:30:52.278 [ restartedMain ] - [ INFO  ] [ org.apache.catalina.core.StandardEngine : 173 ] - Starting Servlet engine: [Apache Tomcat/9.0.27]
2019-11-05 15:30:52.365 [ restartedMain ] - [ INFO  ] [ o.a.c.c.ContainerBase.[Tomcat-8].[localhost].[/] : 173 ] - Initializing Spring embedded WebApplicationContext
2019-11-05 15:30:53.211 [ restartedMain ] - [ INFO  ] [ org.apache.coyote.http11.Http11NioProtocol : 173 ] - Starting ProtocolHandler ["http-nio-8080"]
2019-11-05 15:30:53.231 [ restartedMain ] - [ INFO  ] [ com.zhihui.zhihuijiazu.ZhihuijiazuApplication : 61 ] - Started ZhihuijiazuApplication in 2.768 seconds (JVM running for 1299.619)
2019-11-05 15:31:20.233 [ restartedMain ] - [ INFO  ] [ com.zhihui.zhihuijiazu.ZhihuijiazuApplication : 55 ] - Starting ZhihuijiazuApplication on 8XWCGQRZO5LJZ6D with PID 6200 (D:\project\zhihuijiazu\target\classes started by Administrator in D:\project\zhihuijiazu)
2019-11-05 15:31:20.238 [ restartedMain ] - [ INFO  ] [ com.zhihui.zhihuijiazu.ZhihuijiazuApplication : 651 ] - No active profile set, falling back to default profiles: default
2019-11-05 15:31:22.697 [ restartedMain ] - [ WARN  ] [ org.apache.tomcat.util.modeler.Registry : 173 ] - The MBean registry cannot be disabled because it has already been initialised
2019-11-05 15:31:23.285 [ restartedMain ] - [ INFO  ] [ org.apache.coyote.http11.Http11NioProtocol : 173 ] - Initializing ProtocolHandler ["http-nio-8080"]
2019-11-05 15:31:23.286 [ restartedMain ] - [ INFO  ] [ org.apache.catalina.core.StandardService : 173 ] - Starting service [Tomcat]
2019-11-05 15:31:23.287 [ restartedMain ] - [ INFO  ] [ org.apache.catalina.core.StandardEngine : 173 ] - Starting Servlet engine: [Apache Tomcat/9.0.27]
2019-11-05 15:31:23.451 [ restartedMain ] - [ INFO  ] [ o.a.c.c.ContainerBase.[Tomcat-8].[localhost].[/] : 173 ] - Initializing Spring embedded WebApplicationContext
2019-11-05 15:31:23.538 [ restartedMain ] - [ INFO  ] [ org.apache.catalina.core.StandardService : 173 ] - Stopping service [Tomcat]
2019-11-05 15:32:08.148 [ restartedMain ] - [ INFO  ] [ com.zhihui.zhihuijiazu.ZhihuijiazuApplication : 55 ] - Starting ZhihuijiazuApplication on 8XWCGQRZO5LJZ6D with PID 6200 (D:\project\zhihuijiazu\target\classes started by Administrator in D:\project\zhihuijiazu)
2019-11-05 15:32:08.149 [ restartedMain ] - [ INFO  ] [ com.zhihui.zhihuijiazu.ZhihuijiazuApplication : 651 ] - No active profile set, falling back to default profiles: default
2019-11-05 15:32:10.548 [ restartedMain ] - [ WARN  ] [ org.apache.tomcat.util.modeler.Registry : 173 ] - The MBean registry cannot be disabled because it has already been initialised
2019-11-05 15:32:13.418 [ restartedMain ] - [ INFO  ] [ org.apache.coyote.http11.Http11NioProtocol : 173 ] - Initializing ProtocolHandler ["http-nio-8080"]
2019-11-05 15:32:13.424 [ restartedMain ] - [ INFO  ] [ org.apache.catalina.core.StandardService : 173 ] - Starting service [Tomcat]
2019-11-05 15:32:13.426 [ restartedMain ] - [ INFO  ] [ org.apache.catalina.core.StandardEngine : 173 ] - Starting Servlet engine: [Apache Tomcat/9.0.27]
2019-11-05 15:32:13.673 [ restartedMain ] - [ INFO  ] [ o.a.c.c.ContainerBase.[Tomcat-9].[localhost].[/] : 173 ] - Initializing Spring embedded WebApplicationContext
2019-11-05 15:32:13.732 [ restartedMain ] - [ INFO  ] [ org.apache.catalina.core.StandardService : 173 ] - Stopping service [Tomcat]
2019-11-05 15:32:50.293 [ restartedMain ] - [ INFO  ] [ com.zhihui.zhihuijiazu.ZhihuijiazuApplication : 55 ] - Starting ZhihuijiazuApplication on 8XWCGQRZO5LJZ6D with PID 6200 (D:\project\zhihuijiazu\target\classes started by Administrator in D:\project\zhihuijiazu)
2019-11-05 15:32:50.295 [ restartedMain ] - [ INFO  ] [ com.zhihui.zhihuijiazu.ZhihuijiazuApplication : 651 ] - No active profile set, falling back to default profiles: default
2019-11-05 15:32:53.141 [ restartedMain ] - [ WARN  ] [ org.apache.tomcat.util.modeler.Registry : 173 ] - The MBean registry cannot be disabled because it has already been initialised
2019-11-05 15:32:55.416 [ restartedMain ] - [ INFO  ] [ org.apache.coyote.http11.Http11NioProtocol : 173 ] - Initializing ProtocolHandler ["http-nio-8080"]
2019-11-05 15:32:55.419 [ restartedMain ] - [ INFO  ] [ org.apache.catalina.core.StandardService : 173 ] - Starting service [Tomcat]
2019-11-05 15:32:55.420 [ restartedMain ] - [ INFO  ] [ org.apache.catalina.core.StandardEngine : 173 ] - Starting Servlet engine: [Apache Tomcat/9.0.27]
2019-11-05 15:32:55.626 [ restartedMain ] - [ INFO  ] [ o.a.c.c.ContainerBase.[Tomcat-10].[localhost].[/] : 173 ] - Initializing Spring embedded WebApplicationContext
2019-11-05 15:32:55.769 [ restartedMain ] - [ INFO  ] [ org.apache.catalina.core.StandardService : 173 ] - Stopping service [Tomcat]
2019-11-05 15:33:23.203 [ restartedMain ] - [ INFO  ] [ com.zhihui.zhihuijiazu.ZhihuijiazuApplication : 55 ] - Starting ZhihuijiazuApplication on 8XWCGQRZO5LJZ6D with PID 6200 (D:\project\zhihuijiazu\target\classes started by Administrator in D:\project\zhihuijiazu)
2019-11-05 15:33:23.204 [ restartedMain ] - [ INFO  ] [ com.zhihui.zhihuijiazu.ZhihuijiazuApplication : 651 ] - No active profile set, falling back to default profiles: default
2019-11-05 15:33:26.275 [ restartedMain ] - [ WARN  ] [ org.apache.tomcat.util.modeler.Registry : 173 ] - The MBean registry cannot be disabled because it has already been initialised
2019-11-05 15:33:27.537 [ restartedMain ] - [ INFO  ] [ org.apache.coyote.http11.Http11NioProtocol : 173 ] - Initializing ProtocolHandler ["http-nio-8080"]
2019-11-05 15:33:27.541 [ restartedMain ] - [ INFO  ] [ org.apache.catalina.core.StandardService : 173 ] - Starting service [Tomcat]
2019-11-05 15:33:27.542 [ restartedMain ] - [ INFO  ] [ org.apache.catalina.core.StandardEngine : 173 ] - Starting Servlet engine: [Apache Tomcat/9.0.27]
2019-11-05 15:33:29.051 [ restartedMain ] - [ INFO  ] [ o.a.c.c.ContainerBase.[Tomcat-11].[localhost].[/] : 173 ] - Initializing Spring embedded WebApplicationContext
2019-11-05 15:33:29.310 [ restartedMain ] - [ INFO  ] [ org.apache.catalina.core.StandardService : 173 ] - Stopping service [Tomcat]
2019-11-05 15:34:10.679 [ restartedMain ] - [ INFO  ] [ com.zhihui.zhihuijiazu.ZhihuijiazuApplication : 55 ] - Starting ZhihuijiazuApplication on 8XWCGQRZO5LJZ6D with PID 6200 (D:\project\zhihuijiazu\target\classes started by Administrator in D:\project\zhihuijiazu)
2019-11-05 15:34:10.681 [ restartedMain ] - [ INFO  ] [ com.zhihui.zhihuijiazu.ZhihuijiazuApplication : 651 ] - No active profile set, falling back to default profiles: default
2019-11-05 15:34:12.708 [ restartedMain ] - [ WARN  ] [ org.apache.tomcat.util.modeler.Registry : 173 ] - The MBean registry cannot be disabled because it has already been initialised
2019-11-05 15:34:13.226 [ restartedMain ] - [ INFO  ] [ org.apache.coyote.http11.Http11NioProtocol : 173 ] - Initializing ProtocolHandler ["http-nio-8080"]
2019-11-05 15:34:13.227 [ restartedMain ] - [ INFO  ] [ org.apache.catalina.core.StandardService : 173 ] - Starting service [Tomcat]
2019-11-05 15:34:13.228 [ restartedMain ] - [ INFO  ] [ org.apache.catalina.core.StandardEngine : 173 ] - Starting Servlet engine: [Apache Tomcat/9.0.27]
2019-11-05 15:34:13.419 [ restartedMain ] - [ INFO  ] [ o.a.c.c.ContainerBase.[Tomcat-12].[localhost].[/] : 173 ] - Initializing Spring embedded WebApplicationContext
2019-11-05 15:34:13.591 [ restartedMain ] - [ INFO  ] [ org.apache.catalina.core.StandardService : 173 ] - Stopping service [Tomcat]
2019-11-05 15:34:53.459 [ restartedMain ] - [ INFO  ] [ com.zhihui.zhihuijiazu.ZhihuijiazuApplication : 55 ] - Starting ZhihuijiazuApplication on 8XWCGQRZO5LJZ6D with PID 6200 (D:\project\zhihuijiazu\target\classes started by Administrator in D:\project\zhihuijiazu)
2019-11-05 15:34:53.493 [ restartedMain ] - [ INFO  ] [ com.zhihui.zhihuijiazu.ZhihuijiazuApplication : 651 ] - No active profile set, falling back to default profiles: default
2019-11-05 15:34:55.705 [ restartedMain ] - [ WARN  ] [ org.apache.tomcat.util.modeler.Registry : 173 ] - The MBean registry cannot be disabled because it has already been initialised
2019-11-05 15:51:36.386 [ restartedMain ] - [ INFO  ] [ com.zhihui.zhihuijiazu.ZhihuijiazuApplication : 55 ] - Starting ZhihuijiazuApplication on 8XWCGQRZO5LJZ6D with PID 3580 (D:\project\zhihuijiazu\target\classes started by Administrator in D:\project\zhihuijiazu)
2019-11-05 15:51:36.394 [ restartedMain ] - [ INFO  ] [ com.zhihui.zhihuijiazu.ZhihuijiazuApplication : 651 ] - No active profile set, falling back to default profiles: default
2019-11-05 15:51:39.121 [ restartedMain ] - [ INFO  ] [ org.apache.coyote.http11.Http11NioProtocol : 173 ] - Initializing ProtocolHandler ["http-nio-8080"]
2019-11-05 15:51:39.122 [ restartedMain ] - [ INFO  ] [ org.apache.catalina.core.StandardService : 173 ] - Starting service [Tomcat]
2019-11-05 15:51:39.123 [ restartedMain ] - [ INFO  ] [ org.apache.catalina.core.StandardEngine : 173 ] - Starting Servlet engine: [Apache Tomcat/9.0.27]
2019-11-05 15:51:39.756 [ restartedMain ] - [ INFO  ] [ o.a.c.core.ContainerBase.[Tomcat].[localhost].[/] : 173 ] - Initializing Spring embedded WebApplicationContext
2019-11-05 15:51:42.405 [ restartedMain ] - [ INFO  ] [ org.apache.coyote.http11.Http11NioProtocol : 173 ] - Starting ProtocolHandler ["http-nio-8080"]
2019-11-05 15:51:42.484 [ restartedMain ] - [ INFO  ] [ com.zhihui.zhihuijiazu.ZhihuijiazuApplication : 61 ] - Started ZhihuijiazuApplication in 7.361 seconds (JVM running for 9.449)
2019-11-05 15:53:52.166 [ http-nio-8080-exec-1 ] - [ INFO  ] [ o.a.c.core.ContainerBase.[Tomcat].[localhost].[/] : 173 ] - Initializing Spring DispatcherServlet 'dispatcherServlet'
2019-11-05 15:54:19.337 [ http-nio-8080-exec-2 ] - [ ERROR ] [ c.zhihui.zhihuijiazu.Service.impl.UserServiceImpl : 821 ] - 完善资料接口错误com.alibaba.fastjson.JSONException: syntax error, position at 0, name Parentalstatus
2019-11-05 15:54:48.446 [ http-nio-8080-exec-3 ] - [ INFO  ] [ c.zhihui.zhihuijiazu.Service.impl.UserServiceImpl : 798 ] - 完善资料接口：{"Invite_code":"3333333","Sname":"bing","Parentalstatus":"自己","User_id":"1","Sbirthday":"1998-05-28","Parentalname":"bing","Parentalphone":"15238610181"}
2019-11-05 15:54:48.698 [ http-nio-8080-exec-3 ] - [ INFO  ] [ com.alibaba.druid.pool.DruidDataSource : 991 ] - {dataSource-1} inited
2019-11-05 15:55:16.038 [ http-nio-8080-exec-4 ] - [ INFO  ] [ c.zhihui.zhihuijiazu.Service.impl.UserServiceImpl : 388 ] - 用户资料完善状态:userId=1
2019-11-05 16:13:47.245 [ Thread-21 ] - [ INFO  ] [ com.alibaba.druid.pool.DruidDataSource : 1928 ] - {dataSource-1} closed
2019-11-05 16:13:48.546 [ restartedMain ] - [ INFO  ] [ com.zhihui.zhihuijiazu.ZhihuijiazuApplication : 55 ] - Starting ZhihuijiazuApplication on 8XWCGQRZO5LJZ6D with PID 3580 (D:\project\zhihuijiazu\target\classes started by Administrator in D:\project\zhihuijiazu)
2019-11-05 16:13:48.547 [ restartedMain ] - [ INFO  ] [ com.zhihui.zhihuijiazu.ZhihuijiazuApplication : 651 ] - No active profile set, falling back to default profiles: default
2019-11-05 16:13:49.624 [ restartedMain ] - [ WARN  ] [ org.apache.tomcat.util.modeler.Registry : 173 ] - The MBean registry cannot be disabled because it has already been initialised
2019-11-05 16:13:49.759 [ restartedMain ] - [ INFO  ] [ org.apache.coyote.http11.Http11NioProtocol : 173 ] - Initializing ProtocolHandler ["http-nio-8080"]
2019-11-05 16:13:49.760 [ restartedMain ] - [ INFO  ] [ org.apache.catalina.core.StandardService : 173 ] - Starting service [Tomcat]
2019-11-05 16:13:49.761 [ restartedMain ] - [ INFO  ] [ org.apache.catalina.core.StandardEngine : 173 ] - Starting Servlet engine: [Apache Tomcat/9.0.27]
2019-11-05 16:13:49.842 [ restartedMain ] - [ INFO  ] [ o.a.c.core.ContainerBase.[Tomcat].[localhost].[/] : 173 ] - Initializing Spring embedded WebApplicationContext
2019-11-05 16:13:50.391 [ restartedMain ] - [ INFO  ] [ org.apache.coyote.http11.Http11NioProtocol : 173 ] - Starting ProtocolHandler ["http-nio-8080"]
2019-11-05 16:13:50.400 [ restartedMain ] - [ INFO  ] [ com.zhihui.zhihuijiazu.ZhihuijiazuApplication : 61 ] - Started ZhihuijiazuApplication in 2.035 seconds (JVM running for 1337.365)
2019-11-05 16:17:00.748 [ restartedMain ] - [ INFO  ] [ com.zhihui.zhihuijiazu.ZhihuijiazuApplication : 55 ] - Starting ZhihuijiazuApplication on 8XWCGQRZO5LJZ6D with PID 3580 (D:\project\zhihuijiazu\target\classes started by Administrator in D:\project\zhihuijiazu)
2019-11-05 16:17:00.751 [ restartedMain ] - [ INFO  ] [ com.zhihui.zhihuijiazu.ZhihuijiazuApplication : 651 ] - No active profile set, falling back to default profiles: default
2019-11-05 16:17:01.876 [ restartedMain ] - [ WARN  ] [ org.apache.tomcat.util.modeler.Registry : 173 ] - The MBean registry cannot be disabled because it has already been initialised
2019-11-05 16:17:02.187 [ restartedMain ] - [ INFO  ] [ org.apache.coyote.http11.Http11NioProtocol : 173 ] - Initializing ProtocolHandler ["http-nio-8080"]
2019-11-05 16:17:02.189 [ restartedMain ] - [ INFO  ] [ org.apache.catalina.core.StandardService : 173 ] - Starting service [Tomcat]
2019-11-05 16:17:02.189 [ restartedMain ] - [ INFO  ] [ org.apache.catalina.core.StandardEngine : 173 ] - Starting Servlet engine: [Apache Tomcat/9.0.27]
2019-11-05 16:17:02.245 [ restartedMain ] - [ INFO  ] [ o.a.c.core.ContainerBase.[Tomcat].[localhost].[/] : 173 ] - Initializing Spring embedded WebApplicationContext
2019-11-05 16:17:02.291 [ restartedMain ] - [ INFO  ] [ org.apache.catalina.core.StandardService : 173 ] - Stopping service [Tomcat]
2019-11-05 16:17:04.382 [ restartedMain ] - [ INFO  ] [ com.zhihui.zhihuijiazu.ZhihuijiazuApplication : 55 ] - Starting ZhihuijiazuApplication on 8XWCGQRZO5LJZ6D with PID 3580 (D:\project\zhihuijiazu\target\classes started by Administrator in D:\project\zhihuijiazu)
2019-11-05 16:17:04.383 [ restartedMain ] - [ INFO  ] [ com.zhihui.zhihuijiazu.ZhihuijiazuApplication : 651 ] - No active profile set, falling back to default profiles: default
2019-11-05 16:17:05.025 [ restartedMain ] - [ WARN  ] [ org.apache.tomcat.util.modeler.Registry : 173 ] - The MBean registry cannot be disabled because it has already been initialised
2019-11-05 16:17:05.143 [ restartedMain ] - [ INFO  ] [ org.apache.coyote.http11.Http11NioProtocol : 173 ] - Initializing ProtocolHandler ["http-nio-8080"]
2019-11-05 16:17:05.145 [ restartedMain ] - [ INFO  ] [ org.apache.catalina.core.StandardService : 173 ] - Starting service [Tomcat]
2019-11-05 16:17:05.145 [ restartedMain ] - [ INFO  ] [ org.apache.catalina.core.StandardEngine : 173 ] - Starting Servlet engine: [Apache Tomcat/9.0.27]
2019-11-05 16:17:05.191 [ restartedMain ] - [ INFO  ] [ o.a.c.c.ContainerBase.[Tomcat-1].[localhost].[/] : 173 ] - Initializing Spring embedded WebApplicationContext
2019-11-05 16:17:05.625 [ restartedMain ] - [ INFO  ] [ org.apache.coyote.http11.Http11NioProtocol : 173 ] - Starting ProtocolHandler ["http-nio-8080"]
2019-11-05 16:17:05.633 [ restartedMain ] - [ INFO  ] [ com.zhihui.zhihuijiazu.ZhihuijiazuApplication : 61 ] - Started ZhihuijiazuApplication in 1.364 seconds (JVM running for 1532.597)
2019-11-05 16:20:10.053 [ restartedMain ] - [ INFO  ] [ com.zhihui.zhihuijiazu.ZhihuijiazuApplication : 55 ] - Starting ZhihuijiazuApplication on 8XWCGQRZO5LJZ6D with PID 3580 (D:\project\zhihuijiazu\target\classes started by Administrator in D:\project\zhihuijiazu)
2019-11-05 16:20:10.055 [ restartedMain ] - [ INFO  ] [ com.zhihui.zhihuijiazu.ZhihuijiazuApplication : 651 ] - No active profile set, falling back to default profiles: default
2019-11-05 16:20:11.990 [ restartedMain ] - [ WARN  ] [ org.apache.tomcat.util.modeler.Registry : 173 ] - The MBean registry cannot be disabled because it has already been initialised
2019-11-05 16:20:12.564 [ restartedMain ] - [ INFO  ] [ org.apache.coyote.http11.Http11NioProtocol : 173 ] - Initializing ProtocolHandler ["http-nio-8080"]
2019-11-05 16:20:12.569 [ restartedMain ] - [ INFO  ] [ org.apache.catalina.core.StandardService : 173 ] - Starting service [Tomcat]
2019-11-05 16:20:12.569 [ restartedMain ] - [ INFO  ] [ org.apache.catalina.core.StandardEngine : 173 ] - Starting Servlet engine: [Apache Tomcat/9.0.27]
2019-11-05 16:20:12.636 [ restartedMain ] - [ INFO  ] [ o.a.c.c.ContainerBase.[Tomcat-1].[localhost].[/] : 173 ] - Initializing Spring embedded WebApplicationContext
2019-11-05 16:20:13.362 [ restartedMain ] - [ INFO  ] [ org.apache.coyote.http11.Http11NioProtocol : 173 ] - Starting ProtocolHandler ["http-nio-8080"]
2019-11-05 16:20:13.374 [ restartedMain ] - [ INFO  ] [ com.zhihui.zhihuijiazu.ZhihuijiazuApplication : 61 ] - Started ZhihuijiazuApplication in 4.478 seconds (JVM running for 1720.339)
2019-11-05 16:20:20.903 [ restartedMain ] - [ INFO  ] [ com.zhihui.zhihuijiazu.ZhihuijiazuApplication : 55 ] - Starting ZhihuijiazuApplication on 8XWCGQRZO5LJZ6D with PID 3580 (D:\project\zhihuijiazu\target\classes started by Administrator in D:\project\zhihuijiazu)
2019-11-05 16:20:20.904 [ restartedMain ] - [ INFO  ] [ com.zhihui.zhihuijiazu.ZhihuijiazuApplication : 651 ] - No active profile set, falling back to default profiles: default
2019-11-05 16:20:22.111 [ restartedMain ] - [ WARN  ] [ org.apache.tomcat.util.modeler.Registry : 173 ] - The MBean registry cannot be disabled because it has already been initialised
2019-11-05 16:20:22.527 [ restartedMain ] - [ INFO  ] [ org.apache.coyote.http11.Http11NioProtocol : 173 ] - Initializing ProtocolHandler ["http-nio-8080"]
2019-11-05 16:20:22.528 [ restartedMain ] - [ INFO  ] [ org.apache.catalina.core.StandardService : 173 ] - Starting service [Tomcat]
2019-11-05 16:20:22.528 [ restartedMain ] - [ INFO  ] [ org.apache.catalina.core.StandardEngine : 173 ] - Starting Servlet engine: [Apache Tomcat/9.0.27]
2019-11-05 16:20:22.600 [ restartedMain ] - [ INFO  ] [ o.a.c.c.ContainerBase.[Tomcat-1].[localhost].[/] : 173 ] - Initializing Spring embedded WebApplicationContext
2019-11-05 16:20:22.634 [ restartedMain ] - [ INFO  ] [ org.apache.catalina.core.StandardService : 173 ] - Stopping service [Tomcat]
2019-11-05 16:20:58.630 [ restartedMain ] - [ INFO  ] [ com.zhihui.zhihuijiazu.ZhihuijiazuApplication : 55 ] - Starting ZhihuijiazuApplication on 8XWCGQRZO5LJZ6D with PID 3580 (D:\project\zhihuijiazu\target\classes started by Administrator in D:\project\zhihuijiazu)
2019-11-05 16:20:58.632 [ restartedMain ] - [ INFO  ] [ com.zhihui.zhihuijiazu.ZhihuijiazuApplication : 651 ] - No active profile set, falling back to default profiles: default
2019-11-05 16:21:00.266 [ restartedMain ] - [ WARN  ] [ org.apache.tomcat.util.modeler.Registry : 173 ] - The MBean registry cannot be disabled because it has already been initialised
2019-11-05 16:21:00.480 [ restartedMain ] - [ INFO  ] [ org.apache.coyote.http11.Http11NioProtocol : 173 ] - Initializing ProtocolHandler ["http-nio-8080"]
2019-11-05 16:21:00.483 [ restartedMain ] - [ INFO  ] [ org.apache.catalina.core.StandardService : 173 ] - Starting service [Tomcat]
2019-11-05 16:21:00.486 [ restartedMain ] - [ INFO  ] [ org.apache.catalina.core.StandardEngine : 173 ] - Starting Servlet engine: [Apache Tomcat/9.0.27]
2019-11-05 16:21:00.707 [ restartedMain ] - [ INFO  ] [ o.a.c.c.ContainerBase.[Tomcat-2].[localhost].[/] : 173 ] - Initializing Spring embedded WebApplicationContext
2019-11-05 16:21:00.764 [ restartedMain ] - [ INFO  ] [ org.apache.catalina.core.StandardService : 173 ] - Stopping service [Tomcat]
2019-11-05 16:21:02.833 [ restartedMain ] - [ INFO  ] [ com.zhihui.zhihuijiazu.ZhihuijiazuApplication : 55 ] - Starting ZhihuijiazuApplication on 8XWCGQRZO5LJZ6D with PID 3580 (D:\project\zhihuijiazu\target\classes started by Administrator in D:\project\zhihuijiazu)
2019-11-05 16:21:02.834 [ restartedMain ] - [ INFO  ] [ com.zhihui.zhihuijiazu.ZhihuijiazuApplication : 651 ] - No active profile set, falling back to default profiles: default
2019-11-05 16:21:03.451 [ restartedMain ] - [ WARN  ] [ org.apache.tomcat.util.modeler.Registry : 173 ] - The MBean registry cannot be disabled because it has already been initialised
2019-11-05 16:21:03.621 [ restartedMain ] - [ INFO  ] [ org.apache.coyote.http11.Http11NioProtocol : 173 ] - Initializing ProtocolHandler ["http-nio-8080"]
2019-11-05 16:21:03.621 [ restartedMain ] - [ INFO  ] [ org.apache.catalina.core.StandardService : 173 ] - Starting service [Tomcat]
2019-11-05 16:21:03.622 [ restartedMain ] - [ INFO  ] [ org.apache.catalina.core.StandardEngine : 173 ] - Starting Servlet engine: [Apache Tomcat/9.0.27]
2019-11-05 16:21:03.725 [ restartedMain ] - [ INFO  ] [ o.a.c.c.ContainerBase.[Tomcat-3].[localhost].[/] : 173 ] - Initializing Spring embedded WebApplicationContext
2019-11-05 16:21:04.083 [ restartedMain ] - [ INFO  ] [ org.apache.coyote.http11.Http11NioProtocol : 173 ] - Starting ProtocolHandler ["http-nio-8080"]
2019-11-05 16:21:04.091 [ restartedMain ] - [ INFO  ] [ com.zhihui.zhihuijiazu.ZhihuijiazuApplication : 61 ] - Started ZhihuijiazuApplication in 1.34 seconds (JVM running for 1771.055)
2019-11-05 16:22:26.389 [ restartedMain ] - [ INFO  ] [ com.zhihui.zhihuijiazu.ZhihuijiazuApplication : 55 ] - Starting ZhihuijiazuApplication on 8XWCGQRZO5LJZ6D with PID 3580 (D:\project\zhihuijiazu\target\classes started by Administrator in D:\project\zhihuijiazu)
2019-11-05 16:22:26.394 [ restartedMain ] - [ INFO  ] [ com.zhihui.zhihuijiazu.ZhihuijiazuApplication : 651 ] - No active profile set, falling back to default profiles: default
2019-11-05 16:22:27.668 [ restartedMain ] - [ WARN  ] [ org.apache.tomcat.util.modeler.Registry : 173 ] - The MBean registry cannot be disabled because it has already been initialised
2019-11-05 16:22:28.082 [ restartedMain ] - [ INFO  ] [ org.apache.coyote.http11.Http11NioProtocol : 173 ] - Initializing ProtocolHandler ["http-nio-8080"]
2019-11-05 16:22:28.083 [ restartedMain ] - [ INFO  ] [ org.apache.catalina.core.StandardService : 173 ] - Starting service [Tomcat]
2019-11-05 16:22:28.083 [ restartedMain ] - [ INFO  ] [ org.apache.catalina.core.StandardEngine : 173 ] - Starting Servlet engine: [Apache Tomcat/9.0.27]
2019-11-05 16:22:28.169 [ restartedMain ] - [ INFO  ] [ o.a.c.c.ContainerBase.[Tomcat-3].[localhost].[/] : 173 ] - Initializing Spring embedded WebApplicationContext
2019-11-05 16:22:28.223 [ restartedMain ] - [ INFO  ] [ org.apache.catalina.core.StandardService : 173 ] - Stopping service [Tomcat]
2019-11-05 16:25:02.778 [ restartedMain ] - [ INFO  ] [ com.zhihui.zhihuijiazu.ZhihuijiazuApplication : 55 ] - Starting ZhihuijiazuApplication on 8XWCGQRZO5LJZ6D with PID 8284 (D:\project\zhihuijiazu\target\classes started by Administrator in D:\project\zhihuijiazu)
2019-11-05 16:25:02.786 [ restartedMain ] - [ INFO  ] [ com.zhihui.zhihuijiazu.ZhihuijiazuApplication : 651 ] - No active profile set, falling back to default profiles: default
2019-11-05 16:25:06.051 [ restartedMain ] - [ INFO  ] [ org.apache.coyote.http11.Http11NioProtocol : 173 ] - Initializing ProtocolHandler ["http-nio-8080"]
2019-11-05 16:25:06.053 [ restartedMain ] - [ INFO  ] [ org.apache.catalina.core.StandardService : 173 ] - Starting service [Tomcat]
2019-11-05 16:25:06.053 [ restartedMain ] - [ INFO  ] [ org.apache.catalina.core.StandardEngine : 173 ] - Starting Servlet engine: [Apache Tomcat/9.0.27]
2019-11-05 16:25:06.531 [ restartedMain ] - [ INFO  ] [ o.a.c.core.ContainerBase.[Tomcat].[localhost].[/] : 173 ] - Initializing Spring embedded WebApplicationContext
2019-11-05 16:25:09.725 [ restartedMain ] - [ INFO  ] [ org.apache.coyote.http11.Http11NioProtocol : 173 ] - Starting ProtocolHandler ["http-nio-8080"]
2019-11-05 16:25:09.785 [ restartedMain ] - [ INFO  ] [ com.zhihui.zhihuijiazu.ZhihuijiazuApplication : 61 ] - Started ZhihuijiazuApplication in 8.27 seconds (JVM running for 10.555)
2019-11-05 16:27:08.542 [ restartedMain ] - [ INFO  ] [ com.zhihui.zhihuijiazu.ZhihuijiazuApplication : 55 ] - Starting ZhihuijiazuApplication on 8XWCGQRZO5LJZ6D with PID 8284 (D:\project\zhihuijiazu\target\classes started by Administrator in D:\project\zhihuijiazu)
2019-11-05 16:27:08.544 [ restartedMain ] - [ INFO  ] [ com.zhihui.zhihuijiazu.ZhihuijiazuApplication : 651 ] - No active profile set, falling back to default profiles: default
2019-11-05 16:27:09.509 [ restartedMain ] - [ WARN  ] [ org.apache.tomcat.util.modeler.Registry : 173 ] - The MBean registry cannot be disabled because it has already been initialised
2019-11-05 16:27:09.696 [ restartedMain ] - [ INFO  ] [ org.apache.coyote.http11.Http11NioProtocol : 173 ] - Initializing ProtocolHandler ["http-nio-8080"]
2019-11-05 16:27:09.700 [ restartedMain ] - [ INFO  ] [ org.apache.catalina.core.StandardService : 173 ] - Starting service [Tomcat]
2019-11-05 16:27:09.701 [ restartedMain ] - [ INFO  ] [ org.apache.catalina.core.StandardEngine : 173 ] - Starting Servlet engine: [Apache Tomcat/9.0.27]
2019-11-05 16:27:09.788 [ restartedMain ] - [ INFO  ] [ o.a.c.core.ContainerBase.[Tomcat].[localhost].[/] : 173 ] - Initializing Spring embedded WebApplicationContext
2019-11-05 16:27:10.294 [ restartedMain ] - [ INFO  ] [ org.apache.coyote.http11.Http11NioProtocol : 173 ] - Starting ProtocolHandler ["http-nio-8080"]
2019-11-05 16:27:10.315 [ restartedMain ] - [ INFO  ] [ com.zhihui.zhihuijiazu.ZhihuijiazuApplication : 61 ] - Started ZhihuijiazuApplication in 1.881 seconds (JVM running for 131.085)
2019-11-05 16:27:27.615 [ http-nio-8080-exec-8 ] - [ INFO  ] [ o.a.c.core.ContainerBase.[Tomcat].[localhost].[/] : 173 ] - Initializing Spring DispatcherServlet 'dispatcherServlet'
2019-11-05 16:28:33.997 [ restartedMain ] - [ INFO  ] [ com.zhihui.zhihuijiazu.ZhihuijiazuApplication : 55 ] - Starting ZhihuijiazuApplication on 8XWCGQRZO5LJZ6D with PID 9092 (D:\project\zhihuijiazu\target\classes started by Administrator in D:\project\zhihuijiazu)
2019-11-05 16:28:34.014 [ restartedMain ] - [ INFO  ] [ com.zhihui.zhihuijiazu.ZhihuijiazuApplication : 651 ] - No active profile set, falling back to default profiles: default
2019-11-05 16:28:37.509 [ restartedMain ] - [ INFO  ] [ org.apache.coyote.http11.Http11NioProtocol : 173 ] - Initializing ProtocolHandler ["http-nio-8080"]
2019-11-05 16:28:37.511 [ restartedMain ] - [ INFO  ] [ org.apache.catalina.core.StandardService : 173 ] - Starting service [Tomcat]
2019-11-05 16:28:37.512 [ restartedMain ] - [ INFO  ] [ org.apache.catalina.core.StandardEngine : 173 ] - Starting Servlet engine: [Apache Tomcat/9.0.27]
2019-11-05 16:28:37.828 [ restartedMain ] - [ INFO  ] [ o.a.c.core.ContainerBase.[Tomcat].[localhost].[/] : 173 ] - Initializing Spring embedded WebApplicationContext
2019-11-05 16:28:40.302 [ restartedMain ] - [ INFO  ] [ org.apache.coyote.http11.Http11NioProtocol : 173 ] - Starting ProtocolHandler ["http-nio-8080"]
2019-11-05 16:28:40.369 [ restartedMain ] - [ INFO  ] [ com.zhihui.zhihuijiazu.ZhihuijiazuApplication : 61 ] - Started ZhihuijiazuApplication in 7.53 seconds (JVM running for 11.06)
2019-11-05 16:28:59.090 [ http-nio-8080-exec-1 ] - [ INFO  ] [ o.a.c.core.ContainerBase.[Tomcat].[localhost].[/] : 173 ] - Initializing Spring DispatcherServlet 'dispatcherServlet'
2019-11-05 16:29:56.370 [ http-nio-8080-exec-3 ] - [ INFO  ] [ c.zhihui.zhihuijiazu.Service.impl.UserServiceImpl : 46 ] - 用户登录数据{"Account":"123456","Type":"1","Password":"123456"}
2019-11-05 16:29:56.644 [ http-nio-8080-exec-3 ] - [ INFO  ] [ com.alibaba.druid.pool.DruidDataSource : 991 ] - {dataSource-1} inited
2019-11-05 16:29:57.338 [ http-nio-8080-exec-3 ] - [ ERROR ] [ c.zhihui.zhihuijiazu.Service.impl.UserServiceImpl : 83 ] - 用户登录出错java.lang.NullPointerException
2019-11-05 16:31:57.350 [ http-nio-8080-exec-5 ] - [ INFO  ] [ c.zhihui.zhihuijiazu.Service.impl.UserServiceImpl : 46 ] - 用户登录数据{"Account":"123456","Logintype":"1","Password":"123456"}
2019-11-05 16:32:34.245 [ Thread-22 ] - [ INFO  ] [ com.alibaba.druid.pool.DruidDataSource : 1928 ] - {dataSource-1} closed
2019-11-05 16:32:36.163 [ restartedMain ] - [ INFO  ] [ com.zhihui.zhihuijiazu.ZhihuijiazuApplication : 55 ] - Starting ZhihuijiazuApplication on 8XWCGQRZO5LJZ6D with PID 9092 (D:\project\zhihuijiazu\target\classes started by Administrator in D:\project\zhihuijiazu)
2019-11-05 16:32:36.164 [ restartedMain ] - [ INFO  ] [ com.zhihui.zhihuijiazu.ZhihuijiazuApplication : 651 ] - No active profile set, falling back to default profiles: default
2019-11-05 16:32:38.630 [ restartedMain ] - [ WARN  ] [ org.apache.tomcat.util.modeler.Registry : 173 ] - The MBean registry cannot be disabled because it has already been initialised
2019-11-05 16:32:39.123 [ restartedMain ] - [ INFO  ] [ org.apache.coyote.http11.Http11NioProtocol : 173 ] - Initializing ProtocolHandler ["http-nio-8080"]
2019-11-05 16:32:39.142 [ restartedMain ] - [ INFO  ] [ org.apache.catalina.core.StandardService : 173 ] - Starting service [Tomcat]
2019-11-05 16:32:39.184 [ restartedMain ] - [ INFO  ] [ org.apache.catalina.core.StandardEngine : 173 ] - Starting Servlet engine: [Apache Tomcat/9.0.27]
2019-11-05 16:32:39.468 [ restartedMain ] - [ INFO  ] [ o.a.c.core.ContainerBase.[Tomcat].[localhost].[/] : 173 ] - Initializing Spring embedded WebApplicationContext
2019-11-05 16:32:39.928 [ restartedMain ] - [ INFO  ] [ org.apache.catalina.core.StandardService : 173 ] - Stopping service [Tomcat]
2019-11-05 16:33:43.518 [ restartedMain ] - [ INFO  ] [ com.zhihui.zhihuijiazu.ZhihuijiazuApplication : 55 ] - Starting ZhihuijiazuApplication on 8XWCGQRZO5LJZ6D with PID 9092 (D:\project\zhihuijiazu\target\classes started by Administrator in D:\project\zhihuijiazu)
2019-11-05 16:33:43.519 [ restartedMain ] - [ INFO  ] [ com.zhihui.zhihuijiazu.ZhihuijiazuApplication : 651 ] - No active profile set, falling back to default profiles: default
2019-11-05 16:33:45.685 [ restartedMain ] - [ WARN  ] [ org.apache.tomcat.util.modeler.Registry : 173 ] - The MBean registry cannot be disabled because it has already been initialised
2019-11-05 16:33:46.002 [ restartedMain ] - [ INFO  ] [ org.apache.coyote.http11.Http11NioProtocol : 173 ] - Initializing ProtocolHandler ["http-nio-8080"]
2019-11-05 16:33:46.004 [ restartedMain ] - [ INFO  ] [ org.apache.catalina.core.StandardService : 173 ] - Starting service [Tomcat]
2019-11-05 16:33:46.008 [ restartedMain ] - [ INFO  ] [ org.apache.catalina.core.StandardEngine : 173 ] - Starting Servlet engine: [Apache Tomcat/9.0.27]
2019-11-05 16:33:46.107 [ restartedMain ] - [ INFO  ] [ o.a.c.c.ContainerBase.[Tomcat-1].[localhost].[/] : 173 ] - Initializing Spring embedded WebApplicationContext
2019-11-05 16:33:46.166 [ restartedMain ] - [ INFO  ] [ org.apache.catalina.core.StandardService : 173 ] - Stopping service [Tomcat]
2019-11-05 16:35:27.790 [ main ] - [ INFO  ] [ com.zhihui.zhihuijiazu.ZhihuijiazuApplicationTests : 55 ] - Starting ZhihuijiazuApplicationTests on 8XWCGQRZO5LJZ6D with PID 12168 (started by Administrator in D:\project\zhihuijiazu)
2019-11-05 16:35:27.800 [ main ] - [ INFO  ] [ com.zhihui.zhihuijiazu.ZhihuijiazuApplicationTests : 651 ] - No active profile set, falling back to default profiles: default
2019-11-05 16:35:39.417 [ main ] - [ INFO  ] [ com.zhihui.zhihuijiazu.ZhihuijiazuApplicationTests : 61 ] - Started ZhihuijiazuApplicationTests in 13.172 seconds (JVM running for 18.273)
2019-11-05 16:49:38.630 [ restartedMain ] - [ INFO  ] [ com.zhihui.zhihuijiazu.ZhihuijiazuApplication : 55 ] - Starting ZhihuijiazuApplication on 8XWCGQRZO5LJZ6D with PID 2080 (D:\project\zhihuijiazu\target\classes started by Administrator in D:\project\zhihuijiazu)
2019-11-05 16:49:38.640 [ restartedMain ] - [ INFO  ] [ com.zhihui.zhihuijiazu.ZhihuijiazuApplication : 651 ] - No active profile set, falling back to default profiles: default
2019-11-05 16:49:41.661 [ restartedMain ] - [ INFO  ] [ org.apache.coyote.http11.Http11NioProtocol : 173 ] - Initializing ProtocolHandler ["http-nio-8080"]
2019-11-05 16:49:41.663 [ restartedMain ] - [ INFO  ] [ org.apache.catalina.core.StandardService : 173 ] - Starting service [Tomcat]
2019-11-05 16:49:41.664 [ restartedMain ] - [ INFO  ] [ org.apache.catalina.core.StandardEngine : 173 ] - Starting Servlet engine: [Apache Tomcat/9.0.27]
2019-11-05 16:49:42.123 [ restartedMain ] - [ INFO  ] [ o.a.c.core.ContainerBase.[Tomcat].[localhost].[/] : 173 ] - Initializing Spring embedded WebApplicationContext
2019-11-05 16:49:45.271 [ restartedMain ] - [ INFO  ] [ org.apache.coyote.http11.Http11NioProtocol : 173 ] - Starting ProtocolHandler ["http-nio-8080"]
2019-11-05 16:49:45.369 [ restartedMain ] - [ INFO  ] [ com.zhihui.zhihuijiazu.ZhihuijiazuApplication : 61 ] - Started ZhihuijiazuApplication in 7.851 seconds (JVM running for 9.982)
2019-11-05 16:49:49.156 [ http-nio-8080-exec-1 ] - [ INFO  ] [ o.a.c.core.ContainerBase.[Tomcat].[localhost].[/] : 173 ] - Initializing Spring DispatcherServlet 'dispatcherServlet'
2019-11-05 16:49:49.474 [ http-nio-8080-exec-1 ] - [ INFO  ] [ c.zhihui.zhihuijiazu.Service.impl.UserServiceImpl : 46 ] - 用户登录数据{"Account":"123456","Logintype":"1","Password":"123456"}
2019-11-05 16:49:49.798 [ http-nio-8080-exec-1 ] - [ INFO  ] [ com.alibaba.druid.pool.DruidDataSource : 991 ] - {dataSource-1} inited
2019-11-05 16:50:07.111 [ http-nio-8080-exec-2 ] - [ INFO  ] [ c.zhihui.zhihuijiazu.Service.impl.UserServiceImpl : 46 ] - 用户登录数据{"Account":"15238610181","Logintype":"1","Password":"123456"}
2019-11-05 16:50:36.230 [ http-nio-8080-exec-3 ] - [ INFO  ] [ c.zhihui.zhihuijiazu.Service.impl.UserServiceImpl : 46 ] - 用户登录数据{"Account":"15238610181","Logintype":"1","Password":"1234qwer"}
2019-11-05 16:51:18.674 [ Thread-21 ] - [ INFO  ] [ com.alibaba.druid.pool.DruidDataSource : 1928 ] - {dataSource-1} closed
2019-11-05 16:51:19.902 [ restartedMain ] - [ INFO  ] [ com.zhihui.zhihuijiazu.ZhihuijiazuApplication : 55 ] - Starting ZhihuijiazuApplication on 8XWCGQRZO5LJZ6D with PID 2080 (D:\project\zhihuijiazu\target\classes started by Administrator in D:\project\zhihuijiazu)
2019-11-05 16:51:19.903 [ restartedMain ] - [ INFO  ] [ com.zhihui.zhihuijiazu.ZhihuijiazuApplication : 651 ] - No active profile set, falling back to default profiles: default
2019-11-05 16:51:21.969 [ restartedMain ] - [ WARN  ] [ org.apache.tomcat.util.modeler.Registry : 173 ] - The MBean registry cannot be disabled because it has already been initialised
2019-11-05 16:51:22.598 [ restartedMain ] - [ INFO  ] [ org.apache.coyote.http11.Http11NioProtocol : 173 ] - Initializing ProtocolHandler ["http-nio-8080"]
2019-11-05 16:51:22.599 [ restartedMain ] - [ INFO  ] [ org.apache.catalina.core.StandardService : 173 ] - Starting service [Tomcat]
2019-11-05 16:51:22.601 [ restartedMain ] - [ INFO  ] [ org.apache.catalina.core.StandardEngine : 173 ] - Starting Servlet engine: [Apache Tomcat/9.0.27]
2019-11-05 16:51:22.710 [ restartedMain ] - [ INFO  ] [ o.a.c.core.ContainerBase.[Tomcat].[localhost].[/] : 173 ] - Initializing Spring embedded WebApplicationContext
2019-11-05 16:51:23.808 [ restartedMain ] - [ INFO  ] [ org.apache.catalina.core.StandardService : 173 ] - Stopping service [Tomcat]
2019-11-05 16:52:21.614 [ restartedMain ] - [ INFO  ] [ com.zhihui.zhihuijiazu.ZhihuijiazuApplication : 55 ] - Starting ZhihuijiazuApplication on 8XWCGQRZO5LJZ6D with PID 2080 (D:\project\zhihuijiazu\target\classes started by Administrator in D:\project\zhihuijiazu)
2019-11-05 16:52:21.615 [ restartedMain ] - [ INFO  ] [ com.zhihui.zhihuijiazu.ZhihuijiazuApplication : 651 ] - No active profile set, falling back to default profiles: default
2019-11-05 16:52:23.289 [ restartedMain ] - [ WARN  ] [ org.apache.tomcat.util.modeler.Registry : 173 ] - The MBean registry cannot be disabled because it has already been initialised
2019-11-05 16:52:24.693 [ restartedMain ] - [ INFO  ] [ org.apache.coyote.http11.Http11NioProtocol : 173 ] - Initializing ProtocolHandler ["http-nio-8080"]
2019-11-05 16:52:24.694 [ restartedMain ] - [ INFO  ] [ org.apache.catalina.core.StandardService : 173 ] - Starting service [Tomcat]
2019-11-05 16:52:24.695 [ restartedMain ] - [ INFO  ] [ org.apache.catalina.core.StandardEngine : 173 ] - Starting Servlet engine: [Apache Tomcat/9.0.27]
2019-11-05 16:52:25.088 [ restartedMain ] - [ INFO  ] [ o.a.c.c.ContainerBase.[Tomcat-1].[localhost].[/] : 173 ] - Initializing Spring embedded WebApplicationContext
2019-11-05 16:52:25.149 [ restartedMain ] - [ INFO  ] [ org.apache.catalina.core.StandardService : 173 ] - Stopping service [Tomcat]
2019-11-05 16:52:38.456 [ restartedMain ] - [ INFO  ] [ com.zhihui.zhihuijiazu.ZhihuijiazuApplication : 55 ] - Starting ZhihuijiazuApplication on 8XWCGQRZO5LJZ6D with PID 2080 (D:\project\zhihuijiazu\target\classes started by Administrator in D:\project\zhihuijiazu)
2019-11-05 16:52:38.456 [ restartedMain ] - [ INFO  ] [ com.zhihui.zhihuijiazu.ZhihuijiazuApplication : 651 ] - No active profile set, falling back to default profiles: default
2019-11-05 16:52:41.129 [ restartedMain ] - [ WARN  ] [ org.apache.tomcat.util.modeler.Registry : 173 ] - The MBean registry cannot be disabled because it has already been initialised
2019-11-05 16:52:42.007 [ restartedMain ] - [ INFO  ] [ org.apache.coyote.http11.Http11NioProtocol : 173 ] - Initializing ProtocolHandler ["http-nio-8080"]
2019-11-05 16:52:42.008 [ restartedMain ] - [ INFO  ] [ org.apache.catalina.core.StandardService : 173 ] - Starting service [Tomcat]
2019-11-05 16:52:42.009 [ restartedMain ] - [ INFO  ] [ org.apache.catalina.core.StandardEngine : 173 ] - Starting Servlet engine: [Apache Tomcat/9.0.27]
2019-11-05 16:52:43.001 [ restartedMain ] - [ INFO  ] [ o.a.c.c.ContainerBase.[Tomcat-2].[localhost].[/] : 173 ] - Initializing Spring embedded WebApplicationContext
2019-11-05 16:52:44.042 [ restartedMain ] - [ INFO  ] [ org.apache.catalina.core.StandardService : 173 ] - Stopping service [Tomcat]
2019-11-05 16:55:09.656 [ restartedMain ] - [ INFO  ] [ com.zhihui.zhihuijiazu.ZhihuijiazuApplication : 55 ] - Starting ZhihuijiazuApplication on 8XWCGQRZO5LJZ6D with PID 8164 (D:\project\zhihuijiazu\target\classes started by Administrator in D:\project\zhihuijiazu)
2019-11-05 16:55:09.665 [ restartedMain ] - [ INFO  ] [ com.zhihui.zhihuijiazu.ZhihuijiazuApplication : 651 ] - No active profile set, falling back to default profiles: default
2019-11-05 16:55:13.856 [ restartedMain ] - [ INFO  ] [ org.apache.coyote.http11.Http11NioProtocol : 173 ] - Initializing ProtocolHandler ["http-nio-8080"]
2019-11-05 16:55:13.859 [ restartedMain ] - [ INFO  ] [ org.apache.catalina.core.StandardService : 173 ] - Starting service [Tomcat]
2019-11-05 16:55:13.861 [ restartedMain ] - [ INFO  ] [ org.apache.catalina.core.StandardEngine : 173 ] - Starting Servlet engine: [Apache Tomcat/9.0.27]
2019-11-05 16:55:14.398 [ restartedMain ] - [ INFO  ] [ o.a.c.core.ContainerBase.[Tomcat].[localhost].[/] : 173 ] - Initializing Spring embedded WebApplicationContext
2019-11-05 16:55:17.468 [ restartedMain ] - [ INFO  ] [ org.apache.coyote.http11.Http11NioProtocol : 173 ] - Starting ProtocolHandler ["http-nio-8080"]
2019-11-05 16:55:17.558 [ restartedMain ] - [ INFO  ] [ com.zhihui.zhihuijiazu.ZhihuijiazuApplication : 61 ] - Started ZhihuijiazuApplication in 9.576 seconds (JVM running for 12.626)
2019-11-05 17:00:10.723 [ restartedMain ] - [ INFO  ] [ com.zhihui.zhihuijiazu.ZhihuijiazuApplication : 55 ] - Starting ZhihuijiazuApplication on 8XWCGQRZO5LJZ6D with PID 8164 (D:\project\zhihuijiazu\target\classes started by Administrator in D:\project\zhihuijiazu)
2019-11-05 17:00:10.724 [ restartedMain ] - [ INFO  ] [ com.zhihui.zhihuijiazu.ZhihuijiazuApplication : 651 ] - No active profile set, falling back to default profiles: default
2019-11-05 17:00:11.873 [ restartedMain ] - [ WARN  ] [ org.apache.tomcat.util.modeler.Registry : 173 ] - The MBean registry cannot be disabled because it has already been initialised
2019-11-05 17:00:12.073 [ restartedMain ] - [ INFO  ] [ org.apache.coyote.http11.Http11NioProtocol : 173 ] - Initializing ProtocolHandler ["http-nio-8080"]
2019-11-05 17:00:12.074 [ restartedMain ] - [ INFO  ] [ org.apache.catalina.core.StandardService : 173 ] - Starting service [Tomcat]
2019-11-05 17:00:12.075 [ restartedMain ] - [ INFO  ] [ org.apache.catalina.core.StandardEngine : 173 ] - Starting Servlet engine: [Apache Tomcat/9.0.27]
2019-11-05 17:00:12.169 [ restartedMain ] - [ INFO  ] [ o.a.c.core.ContainerBase.[Tomcat].[localhost].[/] : 173 ] - Initializing Spring embedded WebApplicationContext
2019-11-05 17:00:13.003 [ restartedMain ] - [ INFO  ] [ org.apache.coyote.http11.Http11NioProtocol : 173 ] - Starting ProtocolHandler ["http-nio-8080"]
2019-11-05 17:00:13.012 [ restartedMain ] - [ INFO  ] [ com.zhihui.zhihuijiazu.ZhihuijiazuApplication : 61 ] - Started ZhihuijiazuApplication in 2.49 seconds (JVM running for 308.08)
2019-11-05 17:07:28.961 [ restartedMain ] - [ INFO  ] [ com.zhihui.zhihuijiazu.ZhihuijiazuApplication : 55 ] - Starting ZhihuijiazuApplication on 8XWCGQRZO5LJZ6D with PID 5152 (D:\project\zhihuijiazu\target\classes started by Administrator in D:\project\zhihuijiazu)
2019-11-05 17:07:28.975 [ restartedMain ] - [ INFO  ] [ com.zhihui.zhihuijiazu.ZhihuijiazuApplication : 651 ] - No active profile set, falling back to default profiles: default
2019-11-05 17:07:33.059 [ restartedMain ] - [ INFO  ] [ org.apache.coyote.http11.Http11NioProtocol : 173 ] - Initializing ProtocolHandler ["http-nio-8080"]
2019-11-05 17:07:33.062 [ restartedMain ] - [ INFO  ] [ org.apache.catalina.core.StandardService : 173 ] - Starting service [Tomcat]
2019-11-05 17:07:33.064 [ restartedMain ] - [ INFO  ] [ org.apache.catalina.core.StandardEngine : 173 ] - Starting Servlet engine: [Apache Tomcat/9.0.27]
2019-11-05 17:07:33.609 [ restartedMain ] - [ INFO  ] [ o.a.c.core.ContainerBase.[Tomcat].[localhost].[/] : 173 ] - Initializing Spring embedded WebApplicationContext
2019-11-05 17:07:36.843 [ restartedMain ] - [ INFO  ] [ org.apache.coyote.http11.Http11NioProtocol : 173 ] - Starting ProtocolHandler ["http-nio-8080"]
2019-11-05 17:07:36.949 [ restartedMain ] - [ INFO  ] [ com.zhihui.zhihuijiazu.ZhihuijiazuApplication : 61 ] - Started ZhihuijiazuApplication in 9.677 seconds (JVM running for 13.165)
2019-11-05 17:08:19.185 [ http-nio-8080-exec-1 ] - [ INFO  ] [ o.a.c.core.ContainerBase.[Tomcat].[localhost].[/] : 173 ] - Initializing Spring DispatcherServlet 'dispatcherServlet'
2019-11-05 17:08:19.662 [ http-nio-8080-exec-1 ] - [ INFO  ] [ c.zhihui.zhihuijiazu.Service.impl.UserServiceImpl : 866 ] - 获取购买接口:{"Account":"15238610181","Logintype":"1","Password":"1234qwer"}
2019-11-05 17:08:35.177 [ http-nio-8080-exec-2 ] - [ INFO  ] [ c.zhihui.zhihuijiazu.Service.impl.UserServiceImpl : 866 ] - 获取购买接口:{"User_id":"1"}
2019-11-05 17:12:39.663 [ restartedMain ] - [ INFO  ] [ com.zhihui.zhihuijiazu.ZhihuijiazuApplication : 55 ] - Starting ZhihuijiazuApplication on 8XWCGQRZO5LJZ6D with PID 5152 (D:\project\zhihuijiazu\target\classes started by Administrator in D:\project\zhihuijiazu)
2019-11-05 17:12:39.665 [ restartedMain ] - [ INFO  ] [ com.zhihui.zhihuijiazu.ZhihuijiazuApplication : 651 ] - No active profile set, falling back to default profiles: default
2019-11-05 17:12:43.726 [ restartedMain ] - [ INFO  ] [ com.zhihui.zhihuijiazu.ZhihuijiazuApplication : 55 ] - Starting ZhihuijiazuApplication on 8XWCGQRZO5LJZ6D with PID 5152 (D:\project\zhihuijiazu\target\classes started by Administrator in D:\project\zhihuijiazu)
2019-11-05 17:12:43.728 [ restartedMain ] - [ INFO  ] [ com.zhihui.zhihuijiazu.ZhihuijiazuApplication : 651 ] - No active profile set, falling back to default profiles: default
2019-11-05 17:12:47.068 [ restartedMain ] - [ WARN  ] [ org.apache.tomcat.util.modeler.Registry : 173 ] - The MBean registry cannot be disabled because it has already been initialised
2019-11-05 17:12:49.481 [ restartedMain ] - [ INFO  ] [ org.apache.coyote.http11.Http11NioProtocol : 173 ] - Initializing ProtocolHandler ["http-nio-8080"]
2019-11-05 17:12:49.486 [ restartedMain ] - [ INFO  ] [ org.apache.catalina.core.StandardService : 173 ] - Starting service [Tomcat]
2019-11-05 17:12:49.487 [ restartedMain ] - [ INFO  ] [ org.apache.catalina.core.StandardEngine : 173 ] - Starting Servlet engine: [Apache Tomcat/9.0.27]
2019-11-05 17:12:49.718 [ restartedMain ] - [ INFO  ] [ o.a.c.core.ContainerBase.[Tomcat].[localhost].[/] : 173 ] - Initializing Spring embedded WebApplicationContext
2019-11-05 17:12:49.928 [ restartedMain ] - [ INFO  ] [ org.apache.catalina.core.StandardService : 173 ] - Stopping service [Tomcat]
2019-11-05 17:13:28.974 [ restartedMain ] - [ INFO  ] [ com.zhihui.zhihuijiazu.ZhihuijiazuApplication : 55 ] - Starting ZhihuijiazuApplication on 8XWCGQRZO5LJZ6D with PID 5152 (D:\project\zhihuijiazu\target\classes started by Administrator in D:\project\zhihuijiazu)
2019-11-05 17:13:28.975 [ restartedMain ] - [ INFO  ] [ com.zhihui.zhihuijiazu.ZhihuijiazuApplication : 651 ] - No active profile set, falling back to default profiles: default
2019-11-05 17:13:33.109 [ restartedMain ] - [ WARN  ] [ org.apache.tomcat.util.modeler.Registry : 173 ] - The MBean registry cannot be disabled because it has already been initialised
2019-11-05 17:13:34.926 [ restartedMain ] - [ INFO  ] [ org.apache.coyote.http11.Http11NioProtocol : 173 ] - Initializing ProtocolHandler ["http-nio-8080"]
2019-11-05 17:13:34.927 [ restartedMain ] - [ INFO  ] [ org.apache.catalina.core.StandardService : 173 ] - Starting service [Tomcat]
2019-11-05 17:13:34.928 [ restartedMain ] - [ INFO  ] [ org.apache.catalina.core.StandardEngine : 173 ] - Starting Servlet engine: [Apache Tomcat/9.0.27]
2019-11-05 17:13:35.099 [ restartedMain ] - [ INFO  ] [ o.a.c.c.ContainerBase.[Tomcat-1].[localhost].[/] : 173 ] - Initializing Spring embedded WebApplicationContext
2019-11-05 17:13:35.297 [ restartedMain ] - [ INFO  ] [ org.apache.catalina.core.StandardService : 173 ] - Stopping service [Tomcat]
2019-11-05 17:14:24.266 [ restartedMain ] - [ INFO  ] [ com.zhihui.zhihuijiazu.ZhihuijiazuApplication : 55 ] - Starting ZhihuijiazuApplication on 8XWCGQRZO5LJZ6D with PID 5152 (D:\project\zhihuijiazu\target\classes started by Administrator in D:\project\zhihuijiazu)
2019-11-05 17:14:24.274 [ restartedMain ] - [ INFO  ] [ com.zhihui.zhihuijiazu.ZhihuijiazuApplication : 651 ] - No active profile set, falling back to default profiles: default
2019-11-05 17:14:28.164 [ restartedMain ] - [ WARN  ] [ org.apache.tomcat.util.modeler.Registry : 173 ] - The MBean registry cannot be disabled because it has already been initialised
2019-11-05 17:14:28.755 [ restartedMain ] - [ INFO  ] [ org.apache.coyote.http11.Http11NioProtocol : 173 ] - Initializing ProtocolHandler ["http-nio-8080"]
2019-11-05 17:14:28.756 [ restartedMain ] - [ INFO  ] [ org.apache.catalina.core.StandardService : 173 ] - Starting service [Tomcat]
2019-11-05 17:14:28.757 [ restartedMain ] - [ INFO  ] [ org.apache.catalina.core.StandardEngine : 173 ] - Starting Servlet engine: [Apache Tomcat/9.0.27]
2019-11-05 17:14:29.261 [ restartedMain ] - [ INFO  ] [ o.a.c.c.ContainerBase.[Tomcat-2].[localhost].[/] : 173 ] - Initializing Spring embedded WebApplicationContext
2019-11-05 17:14:29.606 [ restartedMain ] - [ INFO  ] [ org.apache.catalina.core.StandardService : 173 ] - Stopping service [Tomcat]
2019-11-05 17:14:48.838 [ restartedMain ] - [ INFO  ] [ com.zhihui.zhihuijiazu.ZhihuijiazuApplication : 55 ] - Starting ZhihuijiazuApplication on 8XWCGQRZO5LJZ6D with PID 5152 (D:\project\zhihuijiazu\target\classes started by Administrator in D:\project\zhihuijiazu)
2019-11-05 17:14:48.839 [ restartedMain ] - [ INFO  ] [ com.zhihui.zhihuijiazu.ZhihuijiazuApplication : 651 ] - No active profile set, falling back to default profiles: default
2019-11-05 17:14:50.597 [ restartedMain ] - [ WARN  ] [ org.apache.tomcat.util.modeler.Registry : 173 ] - The MBean registry cannot be disabled because it has already been initialised
2019-11-05 17:14:51.217 [ restartedMain ] - [ INFO  ] [ org.apache.coyote.http11.Http11NioProtocol : 173 ] - Initializing ProtocolHandler ["http-nio-8080"]
2019-11-05 17:14:51.221 [ restartedMain ] - [ INFO  ] [ org.apache.catalina.core.StandardService : 173 ] - Starting service [Tomcat]
2019-11-05 17:14:51.222 [ restartedMain ] - [ INFO  ] [ org.apache.catalina.core.StandardEngine : 173 ] - Starting Servlet engine: [Apache Tomcat/9.0.27]
2019-11-05 17:14:51.484 [ restartedMain ] - [ INFO  ] [ o.a.c.c.ContainerBase.[Tomcat-3].[localhost].[/] : 173 ] - Initializing Spring embedded WebApplicationContext
2019-11-05 17:14:51.677 [ restartedMain ] - [ INFO  ] [ org.apache.catalina.core.StandardService : 173 ] - Stopping service [Tomcat]
2019-11-05 17:15:34.218 [ restartedMain ] - [ INFO  ] [ com.zhihui.zhihuijiazu.ZhihuijiazuApplication : 55 ] - Starting ZhihuijiazuApplication on 8XWCGQRZO5LJZ6D with PID 5152 (D:\project\zhihuijiazu\target\classes started by Administrator in D:\project\zhihuijiazu)
2019-11-05 17:15:34.219 [ restartedMain ] - [ INFO  ] [ com.zhihui.zhihuijiazu.ZhihuijiazuApplication : 651 ] - No active profile set, falling back to default profiles: default
2019-11-05 17:15:36.540 [ restartedMain ] - [ WARN  ] [ org.apache.tomcat.util.modeler.Registry : 173 ] - The MBean registry cannot be disabled because it has already been initialised
2019-11-05 17:15:40.072 [ restartedMain ] - [ INFO  ] [ org.apache.coyote.http11.Http11NioProtocol : 173 ] - Initializing ProtocolHandler ["http-nio-8080"]
2019-11-05 17:15:40.074 [ restartedMain ] - [ INFO  ] [ org.apache.catalina.core.StandardService : 173 ] - Starting service [Tomcat]
2019-11-05 17:15:40.076 [ restartedMain ] - [ INFO  ] [ org.apache.catalina.core.StandardEngine : 173 ] - Starting Servlet engine: [Apache Tomcat/9.0.27]
2019-11-05 17:15:40.342 [ restartedMain ] - [ INFO  ] [ o.a.c.c.ContainerBase.[Tomcat-4].[localhost].[/] : 173 ] - Initializing Spring embedded WebApplicationContext
2019-11-05 17:15:40.794 [ restartedMain ] - [ INFO  ] [ org.apache.catalina.core.StandardService : 173 ] - Stopping service [Tomcat]
2019-11-05 17:16:31.594 [ restartedMain ] - [ INFO  ] [ com.zhihui.zhihuijiazu.ZhihuijiazuApplication : 55 ] - Starting ZhihuijiazuApplication on 8XWCGQRZO5LJZ6D with PID 5152 (D:\project\zhihuijiazu\target\classes started by Administrator in D:\project\zhihuijiazu)
2019-11-05 17:16:31.595 [ restartedMain ] - [ INFO  ] [ com.zhihui.zhihuijiazu.ZhihuijiazuApplication : 651 ] - No active profile set, falling back to default profiles: default
2019-11-05 17:16:35.744 [ restartedMain ] - [ WARN  ] [ org.apache.tomcat.util.modeler.Registry : 173 ] - The MBean registry cannot be disabled because it has already been initialised
2019-11-05 17:16:36.792 [ restartedMain ] - [ INFO  ] [ org.apache.coyote.http11.Http11NioProtocol : 173 ] - Initializing ProtocolHandler ["http-nio-8080"]
2019-11-05 17:16:36.793 [ restartedMain ] - [ INFO  ] [ org.apache.catalina.core.StandardService : 173 ] - Starting service [Tomcat]
2019-11-05 17:16:36.794 [ restartedMain ] - [ INFO  ] [ org.apache.catalina.core.StandardEngine : 173 ] - Starting Servlet engine: [Apache Tomcat/9.0.27]
2019-11-05 17:16:37.045 [ restartedMain ] - [ INFO  ] [ o.a.c.c.ContainerBase.[Tomcat-5].[localhost].[/] : 173 ] - Initializing Spring embedded WebApplicationContext
2019-11-05 17:16:41.596 [ restartedMain ] - [ INFO  ] [ org.apache.coyote.http11.Http11NioProtocol : 173 ] - Starting ProtocolHandler ["http-nio-8080"]
2019-11-05 17:16:41.627 [ restartedMain ] - [ INFO  ] [ com.zhihui.zhihuijiazu.ZhihuijiazuApplication : 61 ] - Started ZhihuijiazuApplication in 10.522 seconds (JVM running for 557.843)
2019-11-05 17:17:32.597 [ restartedMain ] - [ INFO  ] [ com.zhihui.zhihuijiazu.ZhihuijiazuApplication : 55 ] - Starting ZhihuijiazuApplication on 8XWCGQRZO5LJZ6D with PID 5152 (D:\project\zhihuijiazu\target\classes started by Administrator in D:\project\zhihuijiazu)
2019-11-05 17:17:32.599 [ restartedMain ] - [ INFO  ] [ com.zhihui.zhihuijiazu.ZhihuijiazuApplication : 651 ] - No active profile set, falling back to default profiles: default
2019-11-05 17:17:38.927 [ restartedMain ] - [ WARN  ] [ org.apache.tomcat.util.modeler.Registry : 173 ] - The MBean registry cannot be disabled because it has already been initialised
2019-11-05 17:17:39.722 [ restartedMain ] - [ INFO  ] [ org.apache.coyote.http11.Http11NioProtocol : 173 ] - Initializing ProtocolHandler ["http-nio-8080"]
2019-11-05 17:17:39.724 [ restartedMain ] - [ INFO  ] [ org.apache.catalina.core.StandardService : 173 ] - Starting service [Tomcat]
2019-11-05 17:17:39.726 [ restartedMain ] - [ INFO  ] [ org.apache.catalina.core.StandardEngine : 173 ] - Starting Servlet engine: [Apache Tomcat/9.0.27]
2019-11-05 17:17:40.229 [ restartedMain ] - [ INFO  ] [ o.a.c.c.ContainerBase.[Tomcat-5].[localhost].[/] : 173 ] - Initializing Spring embedded WebApplicationContext
2019-11-05 17:17:40.385 [ restartedMain ] - [ INFO  ] [ org.apache.catalina.core.StandardService : 173 ] - Stopping service [Tomcat]
2019-11-05 17:24:40.445 [ restartedMain ] - [ INFO  ] [ com.zhihui.zhihuijiazu.ZhihuijiazuApplication : 55 ] - Starting ZhihuijiazuApplication on 8XWCGQRZO5LJZ6D with PID 11096 (D:\project\zhihuijiazu\target\classes started by Administrator in D:\project\zhihuijiazu)
2019-11-05 17:24:40.462 [ restartedMain ] - [ INFO  ] [ com.zhihui.zhihuijiazu.ZhihuijiazuApplication : 651 ] - No active profile set, falling back to default profiles: default
2019-11-05 17:24:47.191 [ restartedMain ] - [ INFO  ] [ org.apache.coyote.http11.Http11NioProtocol : 173 ] - Initializing ProtocolHandler ["http-nio-8080"]
2019-11-05 17:24:47.195 [ restartedMain ] - [ INFO  ] [ org.apache.catalina.core.StandardService : 173 ] - Starting service [Tomcat]
2019-11-05 17:24:47.197 [ restartedMain ] - [ INFO  ] [ org.apache.catalina.core.StandardEngine : 173 ] - Starting Servlet engine: [Apache Tomcat/9.0.27]
2019-11-05 17:24:47.806 [ restartedMain ] - [ INFO  ] [ o.a.c.core.ContainerBase.[Tomcat].[localhost].[/] : 173 ] - Initializing Spring embedded WebApplicationContext
2019-11-05 17:24:50.932 [ restartedMain ] - [ INFO  ] [ org.apache.coyote.http11.Http11NioProtocol : 173 ] - Starting ProtocolHandler ["http-nio-8080"]
2019-11-05 17:24:51.058 [ restartedMain ] - [ INFO  ] [ com.zhihui.zhihuijiazu.ZhihuijiazuApplication : 61 ] - Started ZhihuijiazuApplication in 13.317 seconds (JVM running for 18.677)
2019-11-05 17:26:30.846 [ http-nio-8080-exec-1 ] - [ INFO  ] [ o.a.c.core.ContainerBase.[Tomcat].[localhost].[/] : 173 ] - Initializing Spring DispatcherServlet 'dispatcherServlet'
2019-11-05 17:26:31.294 [ http-nio-8080-exec-1 ] - [ INFO  ] [ c.zhihui.zhihuijiazu.Service.impl.UserServiceImpl : 866 ] - 获取购买接口:{"User_id":"1"}
2019-11-05 17:26:48.728 [ http-nio-8080-exec-2 ] - [ INFO  ] [ c.zhihui.zhihuijiazu.Service.impl.UserServiceImpl : 928 ] - 获取学习中心接口:{"User_id":"1"}
2019-11-05 17:27:38.944 [ http-nio-8080-exec-4 ] - [ INFO  ] [ c.zhihui.zhihuijiazu.Service.impl.UserServiceImpl : 928 ] - 获取学习中心接口:{"User_id":"1"}
2019-11-05 17:27:47.568 [ restartedMain ] - [ INFO  ] [ com.zhihui.zhihuijiazu.ZhihuijiazuApplication : 55 ] - Starting ZhihuijiazuApplication on 8XWCGQRZO5LJZ6D with PID 11096 (D:\project\zhihuijiazu\target\classes started by Administrator in D:\project\zhihuijiazu)
2019-11-05 17:27:47.569 [ restartedMain ] - [ INFO  ] [ com.zhihui.zhihuijiazu.ZhihuijiazuApplication : 651 ] - No active profile set, falling back to default profiles: default
2019-11-05 17:27:56.890 [ restartedMain ] - [ WARN  ] [ org.apache.tomcat.util.modeler.Registry : 173 ] - The MBean registry cannot be disabled because it has already been initialised
2019-11-05 17:27:57.373 [ restartedMain ] - [ INFO  ] [ org.apache.coyote.http11.Http11NioProtocol : 173 ] - Initializing ProtocolHandler ["http-nio-8080"]
2019-11-05 17:27:57.381 [ restartedMain ] - [ INFO  ] [ org.apache.catalina.core.StandardService : 173 ] - Starting service [Tomcat]
2019-11-05 17:27:57.384 [ restartedMain ] - [ INFO  ] [ org.apache.catalina.core.StandardEngine : 173 ] - Starting Servlet engine: [Apache Tomcat/9.0.27]
2019-11-05 17:27:57.676 [ restartedMain ] - [ INFO  ] [ o.a.c.core.ContainerBase.[Tomcat].[localhost].[/] : 173 ] - Initializing Spring embedded WebApplicationContext
2019-11-05 17:27:57.949 [ restartedMain ] - [ INFO  ] [ org.apache.catalina.core.StandardService : 173 ] - Stopping service [Tomcat]
2019-11-05 17:59:28.278 [ restartedMain ] - [ INFO  ] [ com.zhihui.zhihuijiazu.ZhihuijiazuApplication : 55 ] - Starting ZhihuijiazuApplication on 8XWCGQRZO5LJZ6D with PID 11096 (D:\project\zhihuijiazu\target\classes started by Administrator in D:\project\zhihuijiazu)
2019-11-05 17:59:28.278 [ restartedMain ] - [ INFO  ] [ com.zhihui.zhihuijiazu.ZhihuijiazuApplication : 651 ] - No active profile set, falling back to default profiles: default
2019-11-05 17:59:30.895 [ restartedMain ] - [ WARN  ] [ org.apache.tomcat.util.modeler.Registry : 173 ] - The MBean registry cannot be disabled because it has already been initialised
